This is pdfTeX, Version 3.141592653-2.6-1.40.28 (TeX Live 2025) (preloaded format=pdflatex 2025.12.8)  26 DEC 2025 22:29
entering extended mode
 restricted \write18 enabled.
 file:line:error style messages enabled.
 %&-line parsing enabled.
**d:/æ±‡ä¸°ç”Ÿæ´»/ç¤¾å›¢/QTA/2025PKUQTA/M2_week5/M2_week5.tex
(d:/æ±‡ä¸°ç”Ÿæ´»/ç¤¾å›¢/QTA/2025PKUQTA/M2_week5/M2_week5.tex
LaTeX2e <2025-11-01>
L3 programming layer <2025-11-14>
(d:/texlive/2025/texmf-dist/tex/latex/base/article.cls
Document Class: article 2025/01/22 v1.4n Standard LaTeX document class
(d:/texlive/2025/texmf-dist/tex/latex/base/size11.clo
File: size11.clo 2025/01/22 v1.4n Standard LaTeX file (size option)
)
\c@part=\count275
\c@section=\count276
\c@subsection=\count277
\c@subsubsection=\count278
\c@paragraph=\count279
\c@subparagraph=\count280
\c@figure=\count281
\c@table=\count282
\abovecaptionskip=\skip49
\belowcaptionskip=\skip50
\bibindent=\dimen148
) (d:/texlive/2025/texmf-dist/tex/latex/ctex/ctex.sty (d:/texlive/2025/texmf-dist/tex/latex/l3kernel/expl3.sty
Package: expl3 2025-11-14 L3 programming layer (loader) 
 (d:/texlive/2025/texmf-dist/tex/latex/l3backend/l3backend-pdftex.def
File: l3backend-pdftex.def 2025-10-09 L3 backend support: PDF output (pdfTeX)
\l__color_backend_stack_int=\count283
))
Package: ctex 2022/07/14 v2.5.10 Chinese adapter in LaTeX (CTEX)
 (d:/texlive/2025/texmf-dist/tex/latex/ctex/ctexhook.sty
Package: ctexhook 2022/07/14 v2.5.10 Document and package hooks (CTEX)
) (d:/texlive/2025/texmf-dist/tex/latex/ctex/ctexpatch.sty
Package: ctexpatch 2022/07/14 v2.5.10 Patching commands (CTEX)
) (d:/texlive/2025/texmf-dist/tex/latex/base/fix-cm.sty
Package: fix-cm 2020/11/24 v1.1t fixes to LaTeX
 (d:/texlive/2025/texmf-dist/tex/latex/base/ts1enc.def
File: ts1enc.def 2001/06/05 v3.0e (jk/car/fm) Standard LaTeX file
LaTeX Font Info:    Redeclaring font encoding TS1 on input line 47.
LaTeX Encoding Info:    Redeclaring text command \capitalcedilla (encoding TS1) on input line 49.
LaTeX Encoding Info:    Redeclaring text command \capitalogonek (encoding TS1) on input line 52.
LaTeX Encoding Info:    Redeclaring text command \capitalgrave (encoding TS1) on input line 55.
LaTeX Encoding Info:    Redeclaring text command \capitalacute (encoding TS1) on input line 56.
LaTeX Encoding Info:    Redeclaring text command \capitalcircumflex (encoding TS1) on input line 57.
LaTeX Encoding Info:    Redeclaring text command \capitaltilde (encoding TS1) on input line 58.
LaTeX Encoding Info:    Redeclaring text command \capitaldieresis (encoding TS1) on input line 59.
LaTeX Encoding Info:    Redeclaring text command \capitalhungarumlaut (encoding TS1) on input line 60.
LaTeX Encoding Info:    Redeclaring text command \capitalring (encoding TS1) on input line 61.
LaTeX Encoding Info:    Redeclaring text command \capitalcaron (encoding TS1) on input line 62.
LaTeX Encoding Info:    Redeclaring text command \capitalbreve (encoding TS1) on input line 63.
LaTeX Encoding Info:    Redeclaring text command \capitalmacron (encoding TS1) on input line 64.
LaTeX Encoding Info:    Redeclaring text command \capitaldotaccent (encoding TS1) on input line 65.
LaTeX Encoding Info:    Redeclaring text command \t (encoding TS1) on input line 66.
LaTeX Encoding Info:    Redeclaring text command \capitaltie (encoding TS1) on input line 67.
LaTeX Encoding Info:    Redeclaring text command \newtie (encoding TS1) on input line 68.
LaTeX Encoding Info:    Redeclaring text command \capitalnewtie (encoding TS1) on input line 69.
LaTeX Encoding Info:    Redeclaring text symbol \textcapitalcompwordmark (encoding TS1) on input line 70.
LaTeX Encoding Info:    Redeclaring text symbol \textascendercompwordmark (encoding TS1) on input line 71.
LaTeX Encoding Info:    Redeclaring text symbol \textquotestraightbase (encoding TS1) on input line 72.
LaTeX Encoding Info:    Redeclaring text symbol \textquotestraightdblbase (encoding TS1) on input line 73.
LaTeX Encoding Info:    Redeclaring text symbol \texttwelveudash (encoding TS1) on input line 74.
LaTeX Encoding Info:    Redeclaring text symbol \textthreequartersemdash (encoding TS1) on input line 75.
LaTeX Encoding Info:    Redeclaring text symbol \textleftarrow (encoding TS1) on input line 76.
LaTeX Encoding Info:    Redeclaring text symbol \textrightarrow (encoding TS1) on input line 77.
LaTeX Encoding Info:    Redeclaring text symbol \textblank (encoding TS1) on input line 78.
LaTeX Encoding Info:    Redeclaring text symbol \textdollar (encoding TS1) on input line 79.
LaTeX Encoding Info:    Redeclaring text symbol \textquotesingle (encoding TS1) on input line 80.
LaTeX Encoding Info:    Redeclaring text command \textasteriskcentered (encoding TS1) on input line 81.
LaTeX Encoding Info:    Redeclaring text symbol \textdblhyphen (encoding TS1) on input line 92.
LaTeX Encoding Info:    Redeclaring text symbol \textfractionsolidus (encoding TS1) on input line 93.
LaTeX Encoding Info:    Redeclaring text symbol \textzerooldstyle (encoding TS1) on input line 94.
LaTeX Encoding Info:    Redeclaring text symbol \textoneoldstyle (encoding TS1) on input line 95.
LaTeX Encoding Info:    Redeclaring text symbol \texttwooldstyle (encoding TS1) on input line 96.
LaTeX Encoding Info:    Redeclaring text symbol \textthreeoldstyle (encoding TS1) on input line 97.
LaTeX Encoding Info:    Redeclaring text symbol \textfouroldstyle (encoding TS1) on input line 98.
LaTeX Encoding Info:    Redeclaring text symbol \textfiveoldstyle (encoding TS1) on input line 99.
LaTeX Encoding Info:    Redeclaring text symbol \textsixoldstyle (encoding TS1) on input line 100.
LaTeX Encoding Info:    Redeclaring text symbol \textsevenoldstyle (encoding TS1) on input line 101.
LaTeX Encoding Info:    Redeclaring text symbol \texteightoldstyle (encoding TS1) on input line 102.
LaTeX Encoding Info:    Redeclaring text symbol \textnineoldstyle (encoding TS1) on input line 103.
LaTeX Encoding Info:    Redeclaring text symbol \textlangle (encoding TS1) on input line 104.
LaTeX Encoding Info:    Redeclaring text symbol \textminus (encoding TS1) on input line 105.
LaTeX Encoding Info:    Redeclaring text symbol \textrangle (encoding TS1) on input line 106.
LaTeX Encoding Info:    Redeclaring text symbol \textmho (encoding TS1) on input line 107.
LaTeX Encoding Info:    Redeclaring text symbol \textbigcircle (encoding TS1) on input line 108.
LaTeX Encoding Info:    Redeclaring text command \textcircled (encoding TS1) on input line 109.
LaTeX Encoding Info:    Redeclaring text symbol \textohm (encoding TS1) on input line 115.
LaTeX Encoding Info:    Redeclaring text symbol \textlbrackdbl (encoding TS1) on input line 116.
LaTeX Encoding Info:    Redeclaring text symbol \textrbrackdbl (encoding TS1) on input line 117.
LaTeX Encoding Info:    Redeclaring text symbol \textuparrow (encoding TS1) on input line 118.
LaTeX Encoding Info:    Redeclaring text symbol \textdownarrow (encoding TS1) on input line 119.
LaTeX Encoding Info:    Redeclaring text symbol \textasciigrave (encoding TS1) on input line 120.
LaTeX Encoding Info:    Redeclaring text symbol \textborn (encoding TS1) on input line 121.
LaTeX Encoding Info:    Redeclaring text symbol \textdivorced (encoding TS1) on input line 122.
LaTeX Encoding Info:    Redeclaring text symbol \textdied (encoding TS1) on input line 123.
LaTeX Encoding Info:    Redeclaring text symbol \textleaf (encoding TS1) on input line 124.
LaTeX Encoding Info:    Redeclaring text symbol \textmarried (encoding TS1) on input line 125.
LaTeX Encoding Info:    Redeclaring text symbol \textmusicalnote (encoding TS1) on input line 126.
LaTeX Encoding Info:    Redeclaring text symbol \texttildelow (encoding TS1) on input line 127.
LaTeX Encoding Info:    Redeclaring text symbol \textdblhyphenchar (encoding TS1) on input line 128.
LaTeX Encoding Info:    Redeclaring text symbol \textasciibreve (encoding TS1) on input line 129.
LaTeX Encoding Info:    Redeclaring text symbol \textasciicaron (encoding TS1) on input line 130.
LaTeX Encoding Info:    Redeclaring text symbol \textacutedbl (encoding TS1) on input line 131.
LaTeX Encoding Info:    Redeclaring text symbol \textgravedbl (encoding TS1) on input line 132.
LaTeX Encoding Info:    Redeclaring text symbol \textdagger (encoding TS1) on input line 133.
LaTeX Encoding Info:    Redeclaring text symbol \textdaggerdbl (encoding TS1) on input line 134.
LaTeX Encoding Info:    Redeclaring text symbol \textbardbl (encoding TS1) on input line 135.
LaTeX Encoding Info:    Redeclaring text symbol \textperthousand (encoding TS1) on input line 136.
LaTeX Encoding Info:    Redeclaring text symbol \textbullet (encoding TS1) on input line 137.
LaTeX Encoding Info:    Redeclaring text symbol \textcelsius (encoding TS1) on input line 138.
LaTeX Encoding Info:    Redeclaring text symbol \textdollaroldstyle (encoding TS1) on input line 139.
LaTeX Encoding Info:    Redeclaring text symbol \textcentoldstyle (encoding TS1) on input line 140.
LaTeX Encoding Info:    Redeclaring text symbol \textflorin (encoding TS1) on input line 141.
LaTeX Encoding Info:    Redeclaring text symbol \textcolonmonetary (encoding TS1) on input line 142.
LaTeX Encoding Info:    Redeclaring text symbol \textwon (encoding TS1) on input line 143.
LaTeX Encoding Info:    Redeclaring text symbol \textnaira (encoding TS1) on input line 144.
LaTeX Encoding Info:    Redeclaring text symbol \textguarani (encoding TS1) on input line 145.
LaTeX Encoding Info:    Redeclaring text symbol \textpeso (encoding TS1) on input line 146.
LaTeX Encoding Info:    Redeclaring text symbol \textlira (encoding TS1) on input line 147.
LaTeX Encoding Info:    Redeclaring text symbol \textrecipe (encoding TS1) on input line 148.
LaTeX Encoding Info:    Redeclaring text symbol \textinterrobang (encoding TS1) on input line 149.
LaTeX Encoding Info:    Redeclaring text symbol \textinterrobangdown (encoding TS1) on input line 150.
LaTeX Encoding Info:    Redeclaring text symbol \textdong (encoding TS1) on input line 151.
LaTeX Encoding Info:    Redeclaring text symbol \texttrademark (encoding TS1) on input line 152.
LaTeX Encoding Info:    Redeclaring text symbol \textpertenthousand (encoding TS1) on input line 153.
LaTeX Encoding Info:    Redeclaring text symbol \textpilcrow (encoding TS1) on input line 154.
LaTeX Encoding Info:    Redeclaring text symbol \textbaht (encoding TS1) on input line 155.
LaTeX Encoding Info:    Redeclaring text symbol \textnumero (encoding TS1) on input line 156.
LaTeX Encoding Info:    Redeclaring text symbol \textdiscount (encoding TS1) on input line 157.
LaTeX Encoding Info:    Redeclaring text symbol \textestimated (encoding TS1) on input line 158.
LaTeX Encoding Info:    Redeclaring text symbol \textopenbullet (encoding TS1) on input line 159.
LaTeX Encoding Info:    Redeclaring text symbol \textservicemark (encoding TS1) on input line 160.
LaTeX Encoding Info:    Redeclaring text symbol \textlquill (encoding TS1) on input line 161.
LaTeX Encoding Info:    Redeclaring text symbol \textrquill (encoding TS1) on input line 162.
LaTeX Encoding Info:    Redeclaring text symbol \textcent (encoding TS1) on input line 163.
LaTeX Encoding Info:    Redeclaring text symbol \textsterling (encoding TS1) on input line 164.
LaTeX Encoding Info:    Redeclaring text symbol \textcurrency (encoding TS1) on input line 165.
LaTeX Encoding Info:    Redeclaring text symbol \textyen (encoding TS1) on input line 166.
LaTeX Encoding Info:    Redeclaring text symbol \textbrokenbar (encoding TS1) on input line 167.
LaTeX Encoding Info:    Redeclaring text symbol \textsection (encoding TS1) on input line 168.
LaTeX Encoding Info:    Redeclaring text symbol \textasciidieresis (encoding TS1) on input line 169.
LaTeX Encoding Info:    Redeclaring text symbol \textcopyright (encoding TS1) on input line 170.
LaTeX Encoding Info:    Redeclaring text symbol \textordfeminine (encoding TS1) on input line 171.
LaTeX Encoding Info:    Redeclaring text symbol \textcopyleft (encoding TS1) on input line 172.
LaTeX Encoding Info:    Redeclaring text symbol \textlnot (encoding TS1) on input line 173.
LaTeX Encoding Info:    Redeclaring text symbol \textcircledP (encoding TS1) on input line 174.
LaTeX Encoding Info:    Redeclaring text symbol \textregistered (encoding TS1) on input line 175.
LaTeX Encoding Info:    Redeclaring text symbol \textasciimacron (encoding TS1) on input line 176.
LaTeX Encoding Info:    Redeclaring text symbol \textdegree (encoding TS1) on input line 177.
LaTeX Encoding Info:    Redeclaring text symbol \textpm (encoding TS1) on input line 178.
LaTeX Encoding Info:    Redeclaring text symbol \texttwosuperior (encoding TS1) on input line 179.
LaTeX Encoding Info:    Redeclaring text symbol \textthreesuperior (encoding TS1) on input line 180.
LaTeX Encoding Info:    Redeclaring text symbol \textasciiacute (encoding TS1) on input line 181.
LaTeX Encoding Info:    Redeclaring text symbol \textmu (encoding TS1) on input line 182.
LaTeX Encoding Info:    Redeclaring text symbol \textparagraph (encoding TS1) on input line 183.
LaTeX Encoding Info:    Redeclaring text symbol \textperiodcentered (encoding TS1) on input line 184.
LaTeX Encoding Info:    Redeclaring text symbol \textreferencemark (encoding TS1) on input line 185.
LaTeX Encoding Info:    Redeclaring text symbol \textonesuperior (encoding TS1) on input line 186.
LaTeX Encoding Info:    Redeclaring text symbol \textordmasculine (encoding TS1) on input line 187.
LaTeX Encoding Info:    Redeclaring text symbol \textsurd (encoding TS1) on input line 188.
LaTeX Encoding Info:    Redeclaring text symbol \textonequarter (encoding TS1) on input line 189.
LaTeX Encoding Info:    Redeclaring text symbol \textonehalf (encoding TS1) on input line 190.
LaTeX Encoding Info:    Redeclaring text symbol \textthreequarters (encoding TS1) on input line 191.
LaTeX Encoding Info:    Redeclaring text symbol \texteuro (encoding TS1) on input line 192.
LaTeX Encoding Info:    Redeclaring text symbol \texttimes (encoding TS1) on input line 193.
LaTeX Encoding Info:    Redeclaring text symbol \textdiv (encoding TS1) on input line 194.
))
\l__ctex_tmp_int=\count284
\l__ctex_tmp_box=\box53
\l__ctex_tmp_dim=\dimen149
\g__ctex_section_depth_int=\count285
\g__ctex_font_size_int=\count286
 (d:/texlive/2025/texmf-dist/tex/latex/ctex/config/ctexopts.cfg
File: ctexopts.cfg 2022/07/14 v2.5.10 Option configuration file (CTEX)
) (d:/texlive/2025/texmf-dist/tex/latex/ctex/engine/ctex-engine-pdftex.def
File: ctex-engine-pdftex.def 2022/07/14 v2.5.10 (pdf)LaTeX adapter (CTEX)
 (d:/texlive/2025/texmf-dist/tex/latex/cjk/texinput/CJKutf8.sty
Package: CJKutf8 2021/10/16 4.8.5
 (d:/texlive/2025/texmf-dist/tex/generic/iftex/ifpdf.sty
Package: ifpdf 2019/10/25 v3.4 ifpdf legacy package. Use iftex instead.
 (d:/texlive/2025/texmf-dist/tex/generic/iftex/iftex.sty
Package: iftex 2024/12/12 v1.0g TeX engine tests
)) (d:/texlive/2025/texmf-dist/tex/latex/base/inputenc.sty
Package: inputenc 2024/02/08 v1.3d Input encoding file
\inpenc@prehook=\toks17
\inpenc@posthook=\toks18
) (d:/texlive/2025/texmf-dist/tex/latex/cjk/texinput/CJK.sty
Package: CJK 2021/10/16 4.8.5
 (d:/texlive/2025/texmf-dist/tex/latex/cjk/texinput/mule/MULEenc.sty
Package: MULEenc 2021/10/16 4.8.5
) (d:/texlive/2025/texmf-dist/tex/latex/cjk/texinput/CJK.enc
File: CJK.enc 2021/10/16 4.8.5
Now handling font encoding C00 ...
... no UTF-8 mapping file for font encoding C00
Now handling font encoding C05 ...
... no UTF-8 mapping file for font encoding C05
Now handling font encoding C09 ...
... no UTF-8 mapping file for font encoding C09
Now handling font encoding C10 ...
... no UTF-8 mapping file for font encoding C10
Now handling font encoding C20 ...
... no UTF-8 mapping file for font encoding C20
Now handling font encoding C19 ...
... no UTF-8 mapping file for font encoding C19
Now handling font encoding C40 ...
... no UTF-8 mapping file for font encoding C40
Now handling font encoding C42 ...
... no UTF-8 mapping file for font encoding C42
Now handling font encoding C43 ...
... no UTF-8 mapping file for font encoding C43
Now handling font encoding C50 ...
... no UTF-8 mapping file for font encoding C50
Now handling font encoding C52 ...
... no UTF-8 mapping file for font encoding C52
Now handling font encoding C49 ...
... no UTF-8 mapping file for font encoding C49
Now handling font encoding C60 ...
... no UTF-8 mapping file for font encoding C60
Now handling font encoding C61 ...
... no UTF-8 mapping file for font encoding C61
Now handling font encoding C63 ...
... no UTF-8 mapping file for font encoding C63
Now handling font encoding C64 ...
... no UTF-8 mapping file for font encoding C64
Now handling font encoding C65 ...
... no UTF-8 mapping file for font encoding C65
Now handling font encoding C70 ...
... no UTF-8 mapping file for font encoding C70
Now handling font encoding C31 ...
... no UTF-8 mapping file for font encoding C31
Now handling font encoding C32 ...
... no UTF-8 mapping file for font encoding C32
Now handling font encoding C33 ...
... no UTF-8 mapping file for font encoding C33
Now handling font encoding C34 ...
... no UTF-8 mapping file for font encoding C34
Now handling font encoding C35 ...
... no UTF-8 mapping file for font encoding C35
Now handling font encoding C36 ...
... no UTF-8 mapping file for font encoding C36
Now handling font encoding C37 ...
... no UTF-8 mapping file for font encoding C37
Now handling font encoding C80 ...
... no UTF-8 mapping file for font encoding C80
Now handling font encoding C81 ...
... no UTF-8 mapping file for font encoding C81
Now handling font encoding C01 ...
... no UTF-8 mapping file for font encoding C01
Now handling font encoding C11 ...
... no UTF-8 mapping file for font encoding C11
Now handling font encoding C21 ...
... no UTF-8 mapping file for font encoding C21
Now handling font encoding C41 ...
... no UTF-8 mapping file for font encoding C41
Now handling font encoding C62 ...
... no UTF-8 mapping file for font encoding C62
)
\CJK@indent=\box54
) (d:/texlive/2025/texmf-dist/tex/latex/base/fontenc.sty
Package: fontenc 2025/07/18 v2.1d Standard LaTeX package
)) (d:/texlive/2025/texmf-dist/tex/latex/cjkpunct/CJKpunct.sty
Package: CJKpunct 2016/05/14 4.8.4
\CJKpunct@cnta=\count287
\CJKpunct@cntb=\count288
\CJKpunct@cntc=\count289
\CJKpunct@cntd=\count290
\CJKpunct@cnte=\count291
   defining Unicode char U+2018 (decimal 8216)
   defining Unicode char U+2019 (decimal 8217)
   defining Unicode char U+201C (decimal 8220)
   defining Unicode char U+201D (decimal 8221)
   defining Unicode char U+2014 (decimal 8212)
   defining Unicode char U+2026 (decimal 8230)
 (d:/texlive/2025/texmf-dist/tex/latex/cjkpunct/CJKpunct.spa)) (d:/texlive/2025/texmf-dist/tex/latex/cjk/texinput/CJKspace.sty
Package: CJKspace 2021/10/16 3.8.0
) (d:/texlive/2025/texmf-dist/tex/latex/cjk/texinput/UTF8/UTF8.bdg
File: UTF8.bdg 2021/10/16 4.8.5
) (d:/texlive/2025/texmf-dist/tex/latex/ctex/ctexspa.def
File: ctexspa.def 2022/07/14 v2.5.10 Space info for CJKpunct (CTEX)
)
\ccwd=\dimen150
\l__ctex_ccglue_skip=\skip51
)
\l__ctex_ziju_dim=\dimen151
 (d:/texlive/2025/texmf-dist/tex/latex/zhnumber/zhnumber.sty
Package: zhnumber 2022/07/14 v3.0 Typesetting numbers with Chinese glyphs
\l__zhnum_scale_int=\count292
\l__zhnum_tmp_int=\count293
 (d:/texlive/2025/texmf-dist/tex/latex/zhnumber/zhnumber-utf8.cfg
File: zhnumber-utf8.cfg 2022/07/14 v3.0 Chinese numerals with UTF8 encoding
)) (d:/texlive/2025/texmf-dist/tex/latex/ctex/scheme/ctex-scheme-chinese.def
File: ctex-scheme-chinese.def 2022/07/14 v2.5.10 Chinese scheme for generic (CTEX)
 (d:/texlive/2025/texmf-dist/tex/latex/ctex/config/ctex-name-utf8.cfg
File: ctex-name-utf8.cfg 2022/07/14 v2.5.10 Caption with encoding UTF-8 (CTEX)
)) (d:/texlive/2025/texmf-dist/tex/latex/tools/indentfirst.sty
Package: indentfirst 2023/07/02 v1.03 Indent first paragraph (DPC)
) (d:/texlive/2025/texmf-dist/tex/latex/ctex/fontset/ctex-fontset-windows.def
File: ctex-fontset-windows.def 2022/07/14 v2.5.10 Windows fonts definition (CTEX)
)) (d:/texlive/2025/texmf-dist/tex/latex/ctex/config/ctex.cfg
File: ctex.cfg 2022/07/14 v2.5.10 Configuration file (CTEX)
) (d:/texlive/2025/texmf-dist/tex/latex/amsmath/amsmath.sty
Package: amsmath 2025/07/09 v2.17z AMS math features
\@mathmargin=\skip52

For additional information on amsmath, use the `?' option.
(d:/texlive/2025/texmf-dist/tex/latex/amsmath/amstext.sty
Package: amstext 2024/11/17 v2.01 AMS text
 (d:/texlive/2025/texmf-dist/tex/latex/amsmath/amsgen.sty
File: amsgen.sty 1999/11/30 v2.0 generic functions
\@emptytoks=\toks19
\ex@=\dimen152
)) (d:/texlive/2025/texmf-dist/tex/latex/amsmath/amsbsy.sty
Package: amsbsy 1999/11/29 v1.2d Bold Symbols
\pmbraise@=\dimen153
) (d:/texlive/2025/texmf-dist/tex/latex/amsmath/amsopn.sty
Package: amsopn 2022/04/08 v2.04 operator names
)
\inf@bad=\count294
LaTeX Info: Redefining \frac on input line 233.
\uproot@=\count295
\leftroot@=\count296
LaTeX Info: Redefining \overline on input line 398.
LaTeX Info: Redefining \colon on input line 409.
\classnum@=\count297
\DOTSCASE@=\count298
LaTeX Info: Redefining \ldots on input line 495.
LaTeX Info: Redefining \dots on input line 498.
LaTeX Info: Redefining \cdots on input line 619.
\Mathstrutbox@=\box55
\strutbox@=\box56
LaTeX Info: Redefining \big on input line 721.
LaTeX Info: Redefining \Big on input line 722.
LaTeX Info: Redefining \bigg on input line 723.
LaTeX Info: Redefining \Bigg on input line 724.
\big@size=\dimen154
LaTeX Font Info:    Redeclaring font encoding OML on input line 742.
LaTeX Font Info:    Redeclaring font encoding OMS on input line 743.
\macc@depth=\count299
LaTeX Info: Redefining \bmod on input line 904.
LaTeX Info: Redefining \pmod on input line 909.
LaTeX Info: Redefining \smash on input line 939.
LaTeX Info: Redefining \relbar on input line 969.
LaTeX Info: Redefining \Relbar on input line 970.
\c@MaxMatrixCols=\count300
\dotsspace@=\muskip17
\c@parentequation=\count301
\dspbrk@lvl=\count302
\tag@help=\toks20
\row@=\count303
\column@=\count304
\maxfields@=\count305
\andhelp@=\toks21
\eqnshift@=\dimen155
\alignsep@=\dimen156
\tagshift@=\dimen157
\tagwidth@=\dimen158
\totwidth@=\dimen159
\lineht@=\dimen160
\@envbody=\toks22
\multlinegap=\skip53
\multlinetaggap=\skip54
\mathdisplay@stack=\toks23
LaTeX Info: Redefining \[ on input line 2950.
LaTeX Info: Redefining \] on input line 2951.
) (d:/texlive/2025/texmf-dist/tex/latex/amsfonts/amssymb.sty
Package: amssymb 2013/01/14 v3.01 AMS font symbols
 (d:/texlive/2025/texmf-dist/tex/latex/amsfonts/amsfonts.sty
Package: amsfonts 2013/01/14 v3.01 Basic AMSFonts support
\symAMSa=\mathgroup4
\symAMSb=\mathgroup5
LaTeX Font Info:    Redeclaring math symbol \hbar on input line 98.
LaTeX Font Info:    Overwriting math alphabet `\mathfrak' in version `bold'
(Font)                  U/euf/m/n --> U/euf/b/n on input line 106.
)) (d:/texlive/2025/texmf-dist/tex/latex/amscls/amsthm.sty
Package: amsthm 2020/05/29 v2.20.6
\thm@style=\toks24
\thm@bodyfont=\toks25
\thm@headfont=\toks26
\thm@notefont=\toks27
\thm@headpunct=\toks28
\thm@preskip=\skip55
\thm@postskip=\skip56
\thm@headsep=\skip57
\dth@everypar=\toks29
) (d:/texlive/2025/texmf-dist/tex/latex/geometry/geometry.sty
Package: geometry 2020/01/02 v5.9 Page Geometry
 (d:/texlive/2025/texmf-dist/tex/latex/graphics/keyval.sty
Package: keyval 2022/05/29 v1.15 key=value parser (DPC)
\KV@toks@=\toks30
) (d:/texlive/2025/texmf-dist/tex/generic/iftex/ifvtex.sty
Package: ifvtex 2019/10/25 v1.7 ifvtex legacy package. Use iftex instead.
)
\Gm@cnth=\count306
\Gm@cntv=\count307
\c@Gm@tempcnt=\count308
\Gm@bindingoffset=\dimen161
\Gm@wd@mp=\dimen162
\Gm@odd@mp=\dimen163
\Gm@even@mp=\dimen164
\Gm@layoutwidth=\dimen165
\Gm@layoutheight=\dimen166
\Gm@layouthoffset=\dimen167
\Gm@layoutvoffset=\dimen168
\Gm@dimlist=\toks31
) (d:/texlive/2025/texmf-dist/tex/latex/listings/listings.sty
\lst@mode=\count309
\lst@gtempboxa=\box57
\lst@token=\toks32
\lst@length=\count310
\lst@currlwidth=\dimen169
\lst@column=\count311
\lst@pos=\count312
\lst@lostspace=\dimen170
\lst@width=\dimen171
\lst@newlines=\count313
\lst@lineno=\count314
\lst@maxwidth=\dimen172
 (d:/texlive/2025/texmf-dist/tex/latex/listings/lstpatch.sty
File: lstpatch.sty 2025/11/14 1.11b (Carsten Heinz)
) (d:/texlive/2025/texmf-dist/tex/latex/listings/lstmisc.sty
File: lstmisc.sty 2025/11/14 1.11b (Carsten Heinz)
\c@lstnumber=\count315
\lst@skipnumbers=\count316
\lst@framebox=\box58
) (d:/texlive/2025/texmf-dist/tex/latex/listings/listings.cfg
File: listings.cfg 2025/11/14 1.11b listings configuration
))
Package: listings 2025/11/14 1.11b (Carsten Heinz)

==> First Aid for listings.sty no longer applied!
    Expected:
        2024/09/23 1.10c (Carsten Heinz)
    but found:
        2025/11/14 1.11b (Carsten Heinz)
    so I'm assuming it got fixed.
(d:/texlive/2025/texmf-dist/tex/latex/xcolor/xcolor.sty
Package: xcolor 2024/09/29 v3.02 LaTeX color extensions (UK)
 (d:/texlive/2025/texmf-dist/tex/latex/graphics-cfg/color.cfg
File: color.cfg 2016/01/02 v1.6 sample color configuration
)
Package xcolor Info: Driver file: pdftex.def on input line 274.
 (d:/texlive/2025/texmf-dist/tex/latex/graphics-def/pdftex.def
File: pdftex.def 2025/09/29 v1.2d Graphics/color driver for pdftex
) (d:/texlive/2025/texmf-dist/tex/latex/graphics/mathcolor.ltx)
Package xcolor Info: Model `cmy' substituted by `cmy0' on input line 1349.
Package xcolor Info: Model `hsb' substituted by `rgb' on input line 1353.
Package xcolor Info: Model `RGB' extended on input line 1365.
Package xcolor Info: Model `HTML' substituted by `rgb' on input line 1367.
Package xcolor Info: Model `Hsb' substituted by `hsb' on input line 1368.
Package xcolor Info: Model `tHsb' substituted by `hsb' on input line 1369.
Package xcolor Info: Model `HSB' substituted by `hsb' on input line 1370.
Package xcolor Info: Model `Gray' substituted by `gray' on input line 1371.
Package xcolor Info: Model `wave' substituted by `hsb' on input line 1372.
) (d:/texlive/2025/texmf-dist/tex/latex/fancyhdr/fancyhdr.sty
Package: fancyhdr 2025/02/07 v5.2 Extensive control of page headers and footers
\f@nch@headwidth=\skip58
\f@nch@offset@elh=\skip59
\f@nch@offset@erh=\skip60
\f@nch@offset@olh=\skip61
\f@nch@offset@orh=\skip62
\f@nch@offset@elf=\skip63
\f@nch@offset@erf=\skip64
\f@nch@offset@olf=\skip65
\f@nch@offset@orf=\skip66
\f@nch@height=\skip67
\f@nch@footalignment=\skip68
\f@nch@widthL=\skip69
\f@nch@widthC=\skip70
\f@nch@widthR=\skip71
\@temptokenb=\toks33
) (d:/texlive/2025/texmf-dist/tex/latex/cjk/texinput/UTF8/UTF8.enc
File: UTF8.enc 2021/10/16 4.8.5
) (d:/texlive/2025/texmf-dist/tex/latex/cjk/texinput/UTF8/UTF8.chr
File: UTF8.chr 2021/10/16 4.8.5
)
No file M2_week5.aux.
\openout1 = `M2_week5.aux'.

LaTeX Font Info:    Checking defaults for OML/cmm/m/it on input line 43.
LaTeX Font Info:    ... okay on input line 43.
LaTeX Font Info:    Checking defaults for OMS/cmsy/m/n on input line 43.
LaTeX Font Info:    ... okay on input line 43.
LaTeX Font Info:    Checking defaults for OT1/cmr/m/n on input line 43.
LaTeX Font Info:    ... okay on input line 43.
LaTeX Font Info:    Checking defaults for T1/cmr/m/n on input line 43.
LaTeX Font Info:    ... okay on input line 43.
LaTeX Font Info:    Checking defaults for TS1/cmr/m/n on input line 43.
LaTeX Font Info:    ... okay on input line 43.
LaTeX Font Info:    Checking defaults for OMX/cmex/m/n on input line 43.
LaTeX Font Info:    ... okay on input line 43.
LaTeX Font Info:    Checking defaults for U/cmr/m/n on input line 43.
LaTeX Font Info:    ... okay on input line 43.
LaTeX Font Info:    Checking defaults for C00/song/m/n on input line 43.
LaTeX Font Info:    ... okay on input line 43.
LaTeX Font Info:    Checking defaults for C05/song/m/n on input line 43.
LaTeX Font Info:    ... okay on input line 43.
LaTeX Font Info:    Checking defaults for C09/song/m/n on input line 43.
LaTeX Font Info:    ... okay on input line 43.
LaTeX Font Info:    Checking defaults for C10/song/m/n on input line 43.
LaTeX Font Info:    ... okay on input line 43.
LaTeX Font Info:    Checking defaults for C20/song/m/n on input line 43.
LaTeX Font Info:    ... okay on input line 43.
LaTeX Font Info:    Checking defaults for C19/song/m/n on input line 43.
LaTeX Font Info:    ... okay on input line 43.
LaTeX Font Info:    Checking defaults for C40/song/m/n on input line 43.
LaTeX Font Info:    ... okay on input line 43.
LaTeX Font Info:    Checking defaults for C42/song/m/n on input line 43.
LaTeX Font Info:    ... okay on input line 43.
LaTeX Font Info:    Checking defaults for C43/song/m/n on input line 43.
LaTeX Font Info:    ... okay on input line 43.
LaTeX Font Info:    Checking defaults for C50/song/m/n on input line 43.
LaTeX Font Info:    ... okay on input line 43.
LaTeX Font Info:    Checking defaults for C52/song/m/n on input line 43.
LaTeX Font Info:    ... okay on input line 43.
LaTeX Font Info:    Checking defaults for C49/song/m/n on input line 43.
LaTeX Font Info:    ... okay on input line 43.
LaTeX Font Info:    Checking defaults for C60/mj/m/n on input line 43.
LaTeX Font Info:    ... okay on input line 43.
LaTeX Font Info:    Checking defaults for C61/mj/m/n on input line 43.
LaTeX Font Info:    ... okay on input line 43.
LaTeX Font Info:    Checking defaults for C63/mj/m/n on input line 43.
LaTeX Font Info:    ... okay on input line 43.
LaTeX Font Info:    Checking defaults for C64/mj/m/n on input line 43.
LaTeX Font Info:    ... okay on input line 43.
LaTeX Font Info:    Checking defaults for C65/mj/m/n on input line 43.
LaTeX Font Info:    ... okay on input line 43.
LaTeX Font Info:    Checking defaults for C70/song/m/n on input line 43.
LaTeX Font Info:    ... okay on input line 43.
LaTeX Font Info:    Checking defaults for C31/song/m/n on input line 43.
LaTeX Font Info:    ... okay on input line 43.
LaTeX Font Info:    Checking defaults for C32/song/m/n on input line 43.
LaTeX Font Info:    ... okay on input line 43.
LaTeX Font Info:    Checking defaults for C33/song/m/n on input line 43.
LaTeX Font Info:    ... okay on input line 43.
LaTeX Font Info:    Checking defaults for C34/song/m/n on input line 43.
LaTeX Font Info:    ... okay on input line 43.
LaTeX Font Info:    Checking defaults for C35/song/m/n on input line 43.
LaTeX Font Info:    ... okay on input line 43.
LaTeX Font Info:    Checking defaults for C36/song/m/n on input line 43.
LaTeX Font Info:    ... okay on input line 43.
LaTeX Font Info:    Checking defaults for C37/song/m/n on input line 43.
LaTeX Font Info:    ... okay on input line 43.
LaTeX Font Info:    Checking defaults for C80/song/m/n on input line 43.
LaTeX Font Info:    ... okay on input line 43.
LaTeX Font Info:    Checking defaults for C81/song/m/n on input line 43.
LaTeX Font Info:    ... okay on input line 43.
LaTeX Font Info:    Checking defaults for C01/song/m/n on input line 43.
LaTeX Font Info:    ... okay on input line 43.
LaTeX Font Info:    Checking defaults for C11/song/m/n on input line 43.
LaTeX Font Info:    ... okay on input line 43.
LaTeX Font Info:    Checking defaults for C21/song/m/n on input line 43.
LaTeX Font Info:    ... okay on input line 43.
LaTeX Font Info:    Checking defaults for C41/song/m/n on input line 43.
LaTeX Font Info:    ... okay on input line 43.
LaTeX Font Info:    Checking defaults for C62/song/m/n on input line 43.
LaTeX Font Info:    ... okay on input line 43.
*geometry* driver: auto-detecting
*geometry* detected driver: pdftex
*geometry* verbose mode - [ preamble ] result:
* driver: pdftex
* paper: a4paper
* layout: <same size as paper>
* layoutoffset:(h,v)=(0.0pt,0.0pt)
* modes: 
* h-part:(L,W,R)=(71.13188pt, 455.24411pt, 71.13188pt)
* v-part:(T,H,B)=(71.13188pt, 702.78308pt, 71.13188pt)
* \paperwidth=597.50787pt
* \paperheight=845.04684pt
* \textwidth=455.24411pt
* \textheight=702.78308pt
* \oddsidemargin=-1.1381pt
* \evensidemargin=-1.1381pt
* \topmargin=-38.1381pt
* \headheight=12.0pt
* \headsep=25.0pt
* \topskip=11.0pt
* \footskip=30.0pt
* \marginparwidth=50.0pt
* \marginparsep=10.0pt
* \columnsep=10.0pt
* \skip\footins=10.0pt plus 4.0pt minus 2.0pt
* \hoffset=0.0pt
* \voffset=0.0pt
* \mag=1000
* \@twocolumnfalse
* \@twosidefalse
* \@mparswitchfalse
* \@reversemarginfalse
* (1in=72.27pt=25.4mm, 1cm=28.453pt)

\c@lstlisting=\count317
(d:/texlive/2025/texmf-dist/tex/context/base/mkii/supp-pdf.mkii
[Loading MPS to PDF converter (version 2006.09.02).]
\scratchcounter=\count318
\scratchdimen=\dimen173
\scratchbox=\box59
\nofMPsegments=\count319
\nofMParguments=\count320
\everyMPshowfont=\toks34
\MPscratchCnt=\count321
\MPscratchDim=\dimen174
\MPnumerator=\count322
\makeMPintoPDFobject=\count323
\everyMPtoPDFconversion=\toks35
)
LaTeX Font Info:    Trying to load font information for C70+rm on input line 45.
 (d:/texlive/2025/texmf-dist/tex/latex/ctex/fd/c70rm.fd
File: c70rm.fd 2022/07/14 v2.5.10 Chinese font definition (CTEX)
)
LaTeX Font Info:    Trying to load font information for U+msa on input line 45.
 (d:/texlive/2025/texmf-dist/tex/latex/amsfonts/umsa.fd
File: umsa.fd 2013/01/14 v3.01 AMS symbols A
)
LaTeX Font Info:    Trying to load font information for U+msb on input line 45.
 (d:/texlive/2025/texmf-dist/tex/latex/amsfonts/umsb.fd
File: umsb.fd 2013/01/14 v3.01 AMS symbols B
)
No file M2_week5.toc.
\tf@toc=\write3
\openout3 = `M2_week5.toc'.

(d:/texlive/2025/texmf-dist/tex/generic/ctex/zhmap/ctex-zhmap-windows.tex
File: ctex-zhmap-windows.tex 2022/07/14 v2.5.10 Windows font map loader for pdfTeX and DVIPDFMx (CTEX)
{d:/texlive/2025/texmf-var/fonts/map/pdftex/updmap/pdftex.map}{UGBK.sfd}{Unicode.sfd}) [1

]
Package CJKpunct Info: use punctuation spaces for family 'rm' with punctstyle (quanjiao) on input line 52.

d:/æ±‡ä¸°ç”Ÿæ´»/ç¤¾å›¢/QTA/2025PKUQTA/M2_week5/M2_week5.tex:77: Missing $ inserted.
<inserted text> 
                $
l.77     \begin{cases}
                      
I've inserted a begin-math/end-math symbol since I think
you left one out. Proceed, with fingers crossed.

d:/æ±‡ä¸°ç”Ÿæ´»/ç¤¾å›¢/QTA/2025PKUQTA/M2_week5/M2_week5.tex:80: Missing $ inserted.
<inserted text> 
                $
l.80     \end{cases}
                    
I've inserted something that you may have forgotten.
(See the <inserted text> above.)
With luck, this will get me unwedged. But if you
really didn't forget anything, try typing `2' now; then
my insertion and my current dilemma will both disappear.

[2{d:/texlive/2025/texmf-dist/fonts/enc/dvips/cm-super/cm-super-ts1.enc}] [3]
Overfull \hbox (33.8907pt too wide) in paragraph at lines 146--148
[]\C70/rm/m/n/10.95/8b ¾ \C70/rm/m/n/10.95/4e 	 \C70/rm/m/n/10.95/79 Í \C70/rm/m/n/10.95/98 œ \C70/rm/m/n/10.95/82 r \C70/rm/m/n/10.95/76 „ \C70/rm/m/n/10.95/65 p \C70/rm/m/n/10.95/91 Ï \C70/rm/m/n/10.95/52 ^^F + \C70/rm/m/n/10.95/4e : $\OML/cmm/m/it/10.95 n[]; n[]; n[]$|\C70/rm/m/n/10.95/30 ^^B| \C70/rm/m/n/10.95/6b Ï ! \C70/rm/m/n/10.95/53 Ø \C70/rm/m/n/10.95/63 b |\C70/rm/m/n/10.95/ff ^^H|\C70/rm/m/n/10.95/4f ‹ \C70/rm/m/n/10.95/59 ‚ \C70/rm/m/n/10.95/7e ¢\OT1/cmr/m/n/10.95 +\C70/rm/m/n/10.95/7e ÿ$\OMS/cmsy/m/n/10.95 !$\C70/rm/m/n/10.95/84 İ|\C70/rm/m/n/10.95/ff 	||^^L| \C70/rm/m/n/10.95/65 p \C70/rm/m/n/10.95/91 Ï \C70/rm/m/n/10.95/53 Ø ^^V \C70/rm/m/n/10.95/54 ^^Q \C70/rm/m/n/10.95/91 Ï \C70/rm/m/n/10.95/4e : $\OT1/cmr/m/n/10.95 (\OMS/cmsy/m/n/10.95 ^^@\OT1/cmr/m/n/10.95 1\OML/cmm/m/it/10.95 ; \OMS/cmsy/m/n/10.95 ^^@\OT1/cmr/m/n/10.95 1\OML/cmm/m/it/10.95 ; \OT1/cmr/m/n/10.95 +2)$|\C70/rm/m/n/10.95/30 ^^B|
 []

[4]
Overfull \hbox (19.6304pt too wide) in paragraph at lines 197--198
[]\C70/rm/m/n/10.95/76 ô \C70/rm/m/n/10.95/63 ¥ \C70/rm/m/n/10.95/4f ^^? \C70/rm/m/n/10.95/75 ( \C70/rm/m/n/10.95/53 Ì \C70/rm/m/n/10.95/91 Í \C70/rm/m/n/10.95/5f ª \C70/rm/m/n/10.95/73 ¯ \C70/rm/m/n/10.95/66 ´ \C70/rm/m/n/10.95/52 › \C70/rm/m/n/10.95/6c B \C70/rm/m/n/10.95/89 ã \C70/rm/m/n/10.95/76 „ \C70/rm/m/n/10.95/59 ^^M \C70/rm/m/n/10.95/67 B \C70/rm/m/n/10.95/5e ¦ \C70/rm/m/n/10.95/66 / $\OML/cmm/m/it/10.95 O\OT1/cmr/m/n/10.95 (\OML/cmm/m/it/10.95 N[]\OT1/cmr/m/n/10.95 )$|\C70/rm/m/n/10.95/ff ^^L| \C70/rm/m/n/10.95/5b ù \C70/rm/m/n/10.95/4e  $\OML/cmm/m/it/10.95 N \OT1/cmr/m/n/10.95 = 50000$ \C70/rm/m/n/10.95/4f ^^Z \C70/rm/m/n/10.95/8d … \C70/rm/m/n/10.95/65 ö|\C70/rm/m/n/10.95/30 ^^B| \C70/rm/m/n/10.95/5f Å \C70/rm/m/n/10.95/98 { \C70/rm/m/n/10.95/4f ^^? \C70/rm/m/n/10.95/75 ( $\OML/cmm/m/it/10.95 O\OT1/cmr/m/n/10.95 (\OML/cmm/m/it/10.95 N [] N\OT1/cmr/m/n/10.95 )$
 []

(d:/texlive/2025/texmf-dist/tex/latex/listings/lstlang1.sty
File: lstlang1.sty 2025/11/14 1.11b listings language file
) [5]
d:/æ±‡ä¸°ç”Ÿæ´»/ç¤¾å›¢/QTA/2025PKUQTA/M2_week5/M2_week5.tex:236: Improper alphabetic constant.
<to be read again> 
                   \lst@FillFixed@ 
l.236                 # å‘ç°é€†åºå¯¹ï¼šnums[
                                               i] > nums[j]
A one-character control sequence belongs after a ` mark.
So I'm essentially inserting \0 here.

d:/æ±‡ä¸°ç”Ÿæ´»/ç¤¾å›¢/QTA/2025PKUQTA/M2_week5/M2_week5.tex:236: Argument of \lst@FillFixed@ has an extra }.
<inserted text> 
                \par 
l.236                 # å‘ç°é€†åºå¯¹ï¼šnums[
                                               i] > nums[j]
I've run across a `}' that doesn't seem to match anything.
For example, `\def\a#1{...}' and `\a}' would produce
this error. If you simply proceed now, the `\par' that
I've just inserted will cause me to report a runaway
argument that might be the root of the problem. But if
your `}' was spurious, just type `2' and it will go away.

Runaway argument?
d:/æ±‡ä¸°ç”Ÿæ´»/ç¤¾å›¢/QTA/2025PKUQTA/M2_week5/M2_week5.tex:236: Paragraph ended before \lst@FillFixed@ was complete.
<to be read again> 
                   \par 
l.236                 # å‘ç°é€†åºå¯¹ï¼šnums[
                                               i] > nums[j]
I suspect you've forgotten a `}', causing me to apply this
control sequence to too much text. How can we recover?
My plan is to forget the whole thing and hope for the best.

d:/æ±‡ä¸°ç”Ÿæ´»/ç¤¾å›¢/QTA/2025PKUQTA/M2_week5/M2_week5.tex:236: Improper alphabetic constant.
<to be read again> 
                   \lst@EC 
l.236                 # å‘ç°é€†åºå¯¹ï¼šnums[
                                               i] > nums[j]
A one-character control sequence belongs after a ` mark.
So I'm essentially inserting \0 here.

Runaway argument?
{48
d:/æ±‡ä¸°ç”Ÿæ´»/ç¤¾å›¢/QTA/2025PKUQTA/M2_week5/M2_week5.tex:236: Paragraph ended before \CJK@229 was complete.
<to be read again> 
                   \par 
l.236                 # å‘ç°é€†åºå¯¹ï¼šnums[
                                               i] > nums[j]
I suspect you've forgotten a `}', causing me to apply this
control sequence to too much text. How can we recover?
My plan is to forget the whole thing and hope for the best.

Missing character: There is no  in font cmtt9!
Missing character: There is no ‘ in font cmtt9!
d:/æ±‡ä¸°ç”Ÿæ´»/ç¤¾å›¢/QTA/2025PKUQTA/M2_week5/M2_week5.tex:236: Improper alphabetic constant.
<to be read again> 
                   \lst@EC 
l.236                 # å‘ç°é€†åºå¯¹ï¼šnums[
                                               i] > nums[j]
A one-character control sequence belongs after a ` mark.
So I'm essentially inserting \0 here.

d:/æ±‡ä¸°ç”Ÿæ´»/ç¤¾å›¢/QTA/2025PKUQTA/M2_week5/M2_week5.tex:236: Improper alphabetic constant.
<to be read again> 
                   \lst@EC° 
l.236                 # å‘ç°é€†åºå¯¹ï¼šnums[
                                               i] > nums[j]
A one-character control sequence belongs after a ` mark.
So I'm essentially inserting \0 here.

d:/æ±‡ä¸°ç”Ÿæ´»/ç¤¾å›¢/QTA/2025PKUQTA/M2_week5/M2_week5.tex:236: Missing = inserted for \ifnum.
<to be read again> 
                   
l.236                 # å‘ç°é€†åºå¯¹ï¼šnums[
                                               i] > nums[j]
I was expecting to see `<', `=', or `>'. Didn't.

d:/æ±‡ä¸°ç”Ÿæ´»/ç¤¾å›¢/QTA/2025PKUQTA/M2_week5/M2_week5.tex:236: Missing number, treated as zero.
<to be read again> 
                   
l.236                 # å‘ç°é€†åºå¯¹ï¼šnums[
                                               i] > nums[j]
A number should have been here; I inserted `0'.
(If you can't figure out why I needed to see a number,
look up `weird error' in the index to The TeXbook.)

d:/æ±‡ä¸°ç”Ÿæ´»/ç¤¾å›¢/QTA/2025PKUQTA/M2_week5/M2_week5.tex:236: Missing = inserted for \ifnum.
<to be read again> 
                   
l.236                 # å‘ç°é€†åºå¯¹ï¼šnums[
                                               i] > nums[j]
I was expecting to see `<', `=', or `>'. Didn't.

d:/æ±‡ä¸°ç”Ÿæ´»/ç¤¾å›¢/QTA/2025PKUQTA/M2_week5/M2_week5.tex:236: Missing number, treated as zero.
<to be read again> 
                   
l.236                 # å‘ç°é€†åºå¯¹ï¼šnums[
                                               i] > nums[j]
A number should have been here; I inserted `0'.
(If you can't figure out why I needed to see a number,
look up `weird error' in the index to The TeXbook.)

d:/æ±‡ä¸°ç”Ÿæ´»/ç¤¾å›¢/QTA/2025PKUQTA/M2_week5/M2_week5.tex:236: Missing = inserted for \ifnum.
<to be read again> 
                   °
l.236                 # å‘ç°é€†åºå¯¹ï¼šnums[
                                               i] > nums[j]
I was expecting to see `<', `=', or `>'. Didn't.

d:/æ±‡ä¸°ç”Ÿæ´»/ç¤¾å›¢/QTA/2025PKUQTA/M2_week5/M2_week5.tex:236: Missing number, treated as zero.
<to be read again> 
                   °
l.236                 # å‘ç°é€†åºå¯¹ï¼šnums[
                                               i] > nums[j]
A number should have been here; I inserted `0'.
(If you can't figure out why I needed to see a number,
look up `weird error' in the index to The TeXbook.)

d:/æ±‡ä¸°ç”Ÿæ´»/ç¤¾å›¢/QTA/2025PKUQTA/M2_week5/M2_week5.tex:236: Missing = inserted for \ifnum.
<to be read again> 
                   °
l.236                 # å‘ç°é€†åºå¯¹ï¼šnums[
                                               i] > nums[j]
I was expecting to see `<', `=', or `>'. Didn't.

d:/æ±‡ä¸°ç”Ÿæ´»/ç¤¾å›¢/QTA/2025PKUQTA/M2_week5/M2_week5.tex:236: Missing number, treated as zero.
<to be read again> 
                   °
l.236                 # å‘ç°é€†åºå¯¹ï¼šnums[
                                               i] > nums[j]
A number should have been here; I inserted `0'.
(If you can't figure out why I needed to see a number,
look up `weird error' in the index to The TeXbook.)

Missing character: There is no  in font cmtt9!
Missing character: There is no  in font cmtt9!
Missing character: There is no ° in font cmtt9!
LaTeX Font Info:    Trying to load font information for C70+zhfs on input line 236.
(d:/texlive/2025/texmf-dist/tex/latex/zhmetrics/c70zhfs.fd
File: c70zhfs.fd 2009/09/23 4.8.2
)
d:/æ±‡ä¸°ç”Ÿæ´»/ç¤¾å›¢/QTA/2025PKUQTA/M2_week5/M2_week5.tex:236: Bad character code (-80).
<argument> \@tempcnta 
                      
l.236                 # å‘ç°é€†åºå¯¹ï¼šnums[
                                               i] > nums[j]
A character number must be between 0 and 255.
I changed this one to zero.

d:/æ±‡ä¸°ç”Ÿæ´»/ç¤¾å›¢/QTA/2025PKUQTA/M2_week5/M2_week5.tex:236: Improper alphabetic constant.
<to be read again> 
                   \lst@EC€ 
l.236                 # å‘ç°é€†åºå¯¹ï¼šnums[
                                               i] > nums[j]
A one-character control sequence belongs after a ` mark.
So I'm essentially inserting \0 here.

d:/æ±‡ä¸°ç”Ÿæ´»/ç¤¾å›¢/QTA/2025PKUQTA/M2_week5/M2_week5.tex:236: Improper alphabetic constant.
<to be read again> 
                   \lst@EC† 
l.236                 # å‘ç°é€†åºå¯¹ï¼šnums[
                                               i] > nums[j]
A one-character control sequence belongs after a ` mark.
So I'm essentially inserting \0 here.

d:/æ±‡ä¸°ç”Ÿæ´»/ç¤¾å›¢/QTA/2025PKUQTA/M2_week5/M2_week5.tex:236: Missing = inserted for \ifnum.
<to be read again> 
                   €
l.236                 # å‘ç°é€†åºå¯¹ï¼šnums[
                                               i] > nums[j]
I was expecting to see `<', `=', or `>'. Didn't.

d:/æ±‡ä¸°ç”Ÿæ´»/ç¤¾å›¢/QTA/2025PKUQTA/M2_week5/M2_week5.tex:236: Missing number, treated as zero.
<to be read again> 
                   €
l.236                 # å‘ç°é€†åºå¯¹ï¼šnums[
                                               i] > nums[j]
A number should have been here; I inserted `0'.
(If you can't figure out why I needed to see a number,
look up `weird error' in the index to The TeXbook.)

d:/æ±‡ä¸°ç”Ÿæ´»/ç¤¾å›¢/QTA/2025PKUQTA/M2_week5/M2_week5.tex:236: Missing = inserted for \ifnum.
<to be read again> 
                   €
l.236                 # å‘ç°é€†åºå¯¹ï¼šnums[
                                               i] > nums[j]
I was expecting to see `<', `=', or `>'. Didn't.

d:/æ±‡ä¸°ç”Ÿæ´»/ç¤¾å›¢/QTA/2025PKUQTA/M2_week5/M2_week5.tex:236: Missing number, treated as zero.
<to be read again> 
                   €
l.236                 # å‘ç°é€†åºå¯¹ï¼šnums[
                                               i] > nums[j]
A number should have been here; I inserted `0'.
(If you can't figure out why I needed to see a number,
look up `weird error' in the index to The TeXbook.)

d:/æ±‡ä¸°ç”Ÿæ´»/ç¤¾å›¢/QTA/2025PKUQTA/M2_week5/M2_week5.tex:236: Missing = inserted for \ifnum.
<to be read again> 
                   †
l.236                 # å‘ç°é€†åºå¯¹ï¼šnums[
                                               i] > nums[j]
I was expecting to see `<', `=', or `>'. Didn't.

d:/æ±‡ä¸°ç”Ÿæ´»/ç¤¾å›¢/QTA/2025PKUQTA/M2_week5/M2_week5.tex:236: Missing number, treated as zero.
<to be read again> 
                   †
l.236                 # å‘ç°é€†åºå¯¹ï¼šnums[
                                               i] > nums[j]
A number should have been here; I inserted `0'.
(If you can't figure out why I needed to see a number,
look up `weird error' in the index to The TeXbook.)

d:/æ±‡ä¸°ç”Ÿæ´»/ç¤¾å›¢/QTA/2025PKUQTA/M2_week5/M2_week5.tex:236: Missing = inserted for \ifnum.
<to be read again> 
                   †
l.236                 # å‘ç°é€†åºå¯¹ï¼šnums[
                                               i] > nums[j]
I was expecting to see `<', `=', or `>'. Didn't.

d:/æ±‡ä¸°ç”Ÿæ´»/ç¤¾å›¢/QTA/2025PKUQTA/M2_week5/M2_week5.tex:236: Missing number, treated as zero.
<to be read again> 
                   †
l.236                 # å‘ç°é€†åºå¯¹ï¼šnums[
                                               i] > nums[j]
A number should have been here; I inserted `0'.
(If you can't figure out why I needed to see a number,
look up `weird error' in the index to The TeXbook.)

Missing character: There is no € in font cmtt9!
Missing character: There is no € in font cmtt9!
Missing character: There is no † in font cmtt9!
d:/æ±‡ä¸°ç”Ÿæ´»/ç¤¾å›¢/QTA/2025PKUQTA/M2_week5/M2_week5.tex:236: Bad character code (-80).
<argument> \@tempcnta 
                      
l.236                 # å‘ç°é€†åºå¯¹ï¼šnums[
                                               i] > nums[j]
A character number must be between 0 and 255.
I changed this one to zero.

d:/æ±‡ä¸°ç”Ÿæ´»/ç¤¾å›¢/QTA/2025PKUQTA/M2_week5/M2_week5.tex:236: Improper alphabetic constant.
<to be read again> 
                   \lst@ECº 
l.236                 # å‘ç°é€†åºå¯¹ï¼šnums[
                                               i] > nums[j]
A one-character control sequence belongs after a ` mark.
So I'm essentially inserting \0 here.

d:/æ±‡ä¸°ç”Ÿæ´»/ç¤¾å›¢/QTA/2025PKUQTA/M2_week5/M2_week5.tex:236: Improper alphabetic constant.
<to be read again> 
                   \lst@EC 
l.236                 # å‘ç°é€†åºå¯¹ï¼šnums[
                                               i] > nums[j]
A one-character control sequence belongs after a ` mark.
So I'm essentially inserting \0 here.

d:/æ±‡ä¸°ç”Ÿæ´»/ç¤¾å›¢/QTA/2025PKUQTA/M2_week5/M2_week5.tex:236: Missing = inserted for \ifnum.
<to be read again> 
                   º
l.236                 # å‘ç°é€†åºå¯¹ï¼šnums[
                                               i] > nums[j]
I was expecting to see `<', `=', or `>'. Didn't.

d:/æ±‡ä¸°ç”Ÿæ´»/ç¤¾å›¢/QTA/2025PKUQTA/M2_week5/M2_week5.tex:236: Missing number, treated as zero.
<to be read again> 
                   º
l.236                 # å‘ç°é€†åºå¯¹ï¼šnums[
                                               i] > nums[j]
A number should have been here; I inserted `0'.
(If you can't figure out why I needed to see a number,
look up `weird error' in the index to The TeXbook.)

d:/æ±‡ä¸°ç”Ÿæ´»/ç¤¾å›¢/QTA/2025PKUQTA/M2_week5/M2_week5.tex:236: Missing = inserted for \ifnum.
<to be read again> 
                   º
l.236                 # å‘ç°é€†åºå¯¹ï¼šnums[
                                               i] > nums[j]
I was expecting to see `<', `=', or `>'. Didn't.

d:/æ±‡ä¸°ç”Ÿæ´»/ç¤¾å›¢/QTA/2025PKUQTA/M2_week5/M2_week5.tex:236: Missing number, treated as zero.
<to be read again> 
                   º
l.236                 # å‘ç°é€†åºå¯¹ï¼šnums[
                                               i] > nums[j]
A number should have been here; I inserted `0'.
(If you can't figure out why I needed to see a number,
look up `weird error' in the index to The TeXbook.)

d:/æ±‡ä¸°ç”Ÿæ´»/ç¤¾å›¢/QTA/2025PKUQTA/M2_week5/M2_week5.tex:236: Missing = inserted for \ifnum.
<to be read again> 
                   
l.236                 # å‘ç°é€†åºå¯¹ï¼šnums[
                                               i] > nums[j]
I was expecting to see `<', `=', or `>'. Didn't.

d:/æ±‡ä¸°ç”Ÿæ´»/ç¤¾å›¢/QTA/2025PKUQTA/M2_week5/M2_week5.tex:236: Missing number, treated as zero.
<to be read again> 
                   
l.236                 # å‘ç°é€†åºå¯¹ï¼šnums[
                                               i] > nums[j]
A number should have been here; I inserted `0'.
(If you can't figure out why I needed to see a number,
look up `weird error' in the index to The TeXbook.)

d:/æ±‡ä¸°ç”Ÿæ´»/ç¤¾å›¢/QTA/2025PKUQTA/M2_week5/M2_week5.tex:236: Missing = inserted for \ifnum.
<to be read again> 
                   
l.236                 # å‘ç°é€†åºå¯¹ï¼šnums[
                                               i] > nums[j]
I was expecting to see `<', `=', or `>'. Didn't.

d:/æ±‡ä¸°ç”Ÿæ´»/ç¤¾å›¢/QTA/2025PKUQTA/M2_week5/M2_week5.tex:236: Missing number, treated as zero.
<to be read again> 
                   
l.236                 # å‘ç°é€†åºå¯¹ï¼šnums[
                                               i] > nums[j]
A number should have been here; I inserted `0'.
(If you can't figure out why I needed to see a number,
look up `weird error' in the index to The TeXbook.)

Missing character: There is no º in font cmtt9!
Missing character: There is no º in font cmtt9!
Missing character: There is no  in font cmtt9!
d:/æ±‡ä¸°ç”Ÿæ´»/ç¤¾å›¢/QTA/2025PKUQTA/M2_week5/M2_week5.tex:236: Bad character code (-80).
<argument> \@tempcnta 
                      
l.236                 # å‘ç°é€†åºå¯¹ï¼šnums[
                                               i] > nums[j]
A character number must be between 0 and 255.
I changed this one to zero.

d:/æ±‡ä¸°ç”Ÿæ´»/ç¤¾å›¢/QTA/2025PKUQTA/M2_week5/M2_week5.tex:236: Improper alphabetic constant.
<to be read again> 
                   \lst@EC¯ 
l.236                 # å‘ç°é€†åºå¯¹ï¼šnums[
                                               i] > nums[j]
A one-character control sequence belongs after a ` mark.
So I'm essentially inserting \0 here.

d:/æ±‡ä¸°ç”Ÿæ´»/ç¤¾å›¢/QTA/2025PKUQTA/M2_week5/M2_week5.tex:236: Improper alphabetic constant.
<to be read again> 
                   \lst@EC¹ 
l.236                 # å‘ç°é€†åºå¯¹ï¼šnums[
                                               i] > nums[j]
A one-character control sequence belongs after a ` mark.
So I'm essentially inserting \0 here.

d:/æ±‡ä¸°ç”Ÿæ´»/ç¤¾å›¢/QTA/2025PKUQTA/M2_week5/M2_week5.tex:236: Missing = inserted for \ifnum.
<to be read again> 
                   ¯
l.236                 # å‘ç°é€†åºå¯¹ï¼šnums[
                                               i] > nums[j]
I was expecting to see `<', `=', or `>'. Didn't.

d:/æ±‡ä¸°ç”Ÿæ´»/ç¤¾å›¢/QTA/2025PKUQTA/M2_week5/M2_week5.tex:236: Missing number, treated as zero.
<to be read again> 
                   ¯
l.236                 # å‘ç°é€†åºå¯¹ï¼šnums[
                                               i] > nums[j]
A number should have been here; I inserted `0'.
(If you can't figure out why I needed to see a number,
look up `weird error' in the index to The TeXbook.)

d:/æ±‡ä¸°ç”Ÿæ´»/ç¤¾å›¢/QTA/2025PKUQTA/M2_week5/M2_week5.tex:236: Missing = inserted for \ifnum.
<to be read again> 
                   ¯
l.236                 # å‘ç°é€†åºå¯¹ï¼šnums[
                                               i] > nums[j]
I was expecting to see `<', `=', or `>'. Didn't.

d:/æ±‡ä¸°ç”Ÿæ´»/ç¤¾å›¢/QTA/2025PKUQTA/M2_week5/M2_week5.tex:236: Missing number, treated as zero.
<to be read again> 
                   ¯
l.236                 # å‘ç°é€†åºå¯¹ï¼šnums[
                                               i] > nums[j]
A number should have been here; I inserted `0'.
(If you can't figure out why I needed to see a number,
look up `weird error' in the index to The TeXbook.)

d:/æ±‡ä¸°ç”Ÿæ´»/ç¤¾å›¢/QTA/2025PKUQTA/M2_week5/M2_week5.tex:236: Missing = inserted for \ifnum.
<to be read again> 
                   ¹
l.236                 # å‘ç°é€†åºå¯¹ï¼šnums[
                                               i] > nums[j]
I was expecting to see `<', `=', or `>'. Didn't.

d:/æ±‡ä¸°ç”Ÿæ´»/ç¤¾å›¢/QTA/2025PKUQTA/M2_week5/M2_week5.tex:236: Missing number, treated as zero.
<to be read again> 
                   ¹
l.236                 # å‘ç°é€†åºå¯¹ï¼šnums[
                                               i] > nums[j]
A number should have been here; I inserted `0'.
(If you can't figure out why I needed to see a number,
look up `weird error' in the index to The TeXbook.)

d:/æ±‡ä¸°ç”Ÿæ´»/ç¤¾å›¢/QTA/2025PKUQTA/M2_week5/M2_week5.tex:236: Missing = inserted for \ifnum.
<to be read again> 
                   ¹
l.236                 # å‘ç°é€†åºå¯¹ï¼šnums[
                                               i] > nums[j]
I was expecting to see `<', `=', or `>'. Didn't.

d:/æ±‡ä¸°ç”Ÿæ´»/ç¤¾å›¢/QTA/2025PKUQTA/M2_week5/M2_week5.tex:236: Missing number, treated as zero.
<to be read again> 
                   ¹
l.236                 # å‘ç°é€†åºå¯¹ï¼šnums[
                                               i] > nums[j]
A number should have been here; I inserted `0'.
(If you can't figure out why I needed to see a number,
look up `weird error' in the index to The TeXbook.)

Missing character: There is no ¯ in font cmtt9!
Missing character: There is no ¯ in font cmtt9!
Missing character: There is no ¹ in font cmtt9!
d:/æ±‡ä¸°ç”Ÿæ´»/ç¤¾å›¢/QTA/2025PKUQTA/M2_week5/M2_week5.tex:236: Bad character code (-80).
<argument> \@tempcnta 
                      
l.236                 # å‘ç°é€†åºå¯¹ï¼šnums[
                                               i] > nums[j]
A character number must be between 0 and 255.
I changed this one to zero.

d:/æ±‡ä¸°ç”Ÿæ´»/ç¤¾å›¢/QTA/2025PKUQTA/M2_week5/M2_week5.tex:236: Improper alphabetic constant.
<to be read again> 
                   \lst@EC¼ 
l.236                 # å‘ç°é€†åºå¯¹ï¼šnums[
                                               i] > nums[j]
A one-character control sequence belongs after a ` mark.
So I'm essentially inserting \0 here.

d:/æ±‡ä¸°ç”Ÿæ´»/ç¤¾å›¢/QTA/2025PKUQTA/M2_week5/M2_week5.tex:236: Improper alphabetic constant.
<to be read again> 
                   \lst@ECš 
l.236                 # å‘ç°é€†åºå¯¹ï¼šnums[
                                               i] > nums[j]
A one-character control sequence belongs after a ` mark.
So I'm essentially inserting \0 here.

d:/æ±‡ä¸°ç”Ÿæ´»/ç¤¾å›¢/QTA/2025PKUQTA/M2_week5/M2_week5.tex:236: Missing = inserted for \ifnum.
<to be read again> 
                   ¼
l.236                 # å‘ç°é€†åºå¯¹ï¼šnums[
                                               i] > nums[j]
I was expecting to see `<', `=', or `>'. Didn't.

d:/æ±‡ä¸°ç”Ÿæ´»/ç¤¾å›¢/QTA/2025PKUQTA/M2_week5/M2_week5.tex:236: Missing number, treated as zero.
<to be read again> 
                   ¼
l.236                 # å‘ç°é€†åºå¯¹ï¼šnums[
                                               i] > nums[j]
A number should have been here; I inserted `0'.
(If you can't figure out why I needed to see a number,
look up `weird error' in the index to The TeXbook.)

d:/æ±‡ä¸°ç”Ÿæ´»/ç¤¾å›¢/QTA/2025PKUQTA/M2_week5/M2_week5.tex:236: Missing = inserted for \ifnum.
<to be read again> 
                   ¼
l.236                 # å‘ç°é€†åºå¯¹ï¼šnums[
                                               i] > nums[j]
I was expecting to see `<', `=', or `>'. Didn't.

d:/æ±‡ä¸°ç”Ÿæ´»/ç¤¾å›¢/QTA/2025PKUQTA/M2_week5/M2_week5.tex:236: Missing number, treated as zero.
<to be read again> 
                   ¼
l.236                 # å‘ç°é€†åºå¯¹ï¼šnums[
                                               i] > nums[j]
A number should have been here; I inserted `0'.
(If you can't figure out why I needed to see a number,
look up `weird error' in the index to The TeXbook.)

d:/æ±‡ä¸°ç”Ÿæ´»/ç¤¾å›¢/QTA/2025PKUQTA/M2_week5/M2_week5.tex:236: Missing = inserted for \ifnum.
<to be read again> 
                   š
l.236                 # å‘ç°é€†åºå¯¹ï¼šnums[
                                               i] > nums[j]
I was expecting to see `<', `=', or `>'. Didn't.

d:/æ±‡ä¸°ç”Ÿæ´»/ç¤¾å›¢/QTA/2025PKUQTA/M2_week5/M2_week5.tex:236: Missing number, treated as zero.
<to be read again> 
                   š
l.236                 # å‘ç°é€†åºå¯¹ï¼šnums[
                                               i] > nums[j]
A number should have been here; I inserted `0'.
(If you can't figure out why I needed to see a number,
look up `weird error' in the index to The TeXbook.)

d:/æ±‡ä¸°ç”Ÿæ´»/ç¤¾å›¢/QTA/2025PKUQTA/M2_week5/M2_week5.tex:236: Missing = inserted for \ifnum.
<to be read again> 
                   š
l.236                 # å‘ç°é€†åºå¯¹ï¼šnums[
                                               i] > nums[j]
I was expecting to see `<', `=', or `>'. Didn't.

d:/æ±‡ä¸°ç”Ÿæ´»/ç¤¾å›¢/QTA/2025PKUQTA/M2_week5/M2_week5.tex:236: Missing number, treated as zero.
<to be read again> 
                   š
l.236                 # å‘ç°é€†åºå¯¹ï¼šnums[
                                               i] > nums[j]
A number should have been here; I inserted `0'.
(If you can't figure out why I needed to see a number,
look up `weird error' in the index to The TeXbook.)

Missing character: There is no ¼ in font cmtt9!
Missing character: There is no ¼ in font cmtt9!
Missing character: There is no š in font cmtt9!
Package CJKpunct Info: use punctuation spaces for family 'zhfs' with punctstyle (quanjiao) on input line 236.
d:/æ±‡ä¸°ç”Ÿæ´»/ç¤¾å›¢/QTA/2025PKUQTA/M2_week5/M2_week5.tex:236: Bad character code (-80).
<argument> \@tempcnta 
                      
l.236                 # å‘ç°é€†åºå¯¹ï¼šnums[
                                               i] > nums[j]
A character number must be between 0 and 255.
I changed this one to zero.

d:/æ±‡ä¸°ç”Ÿæ´»/ç¤¾å›¢/QTA/2025PKUQTA/M2_week5/M2_week5.tex:237: Infinite glue shrinkage found in a paragraph.
<argument> ...hskip:D \c_zero_dim \fi: \tex_par:D 
                                                  \hook_use:n {para/after}\@...
l.237  
                      # å·¦è¾¹æ•°ç»„ä¸­ï¼Œä» i åˆ° mid çš„æ‰€æœ‰å…ƒç´ éƒ½æ¯...
The paragraph just ended includes some glue that has
infinite shrinkability, e.g., `\hskip 0pt minus 1fil'.
Such glue doesn't belong there---it allows a paragraph
of any length to fit on one line. But it's safe to proceed,
since the offensive shrinkability has been made finite.

d:/æ±‡ä¸°ç”Ÿæ´»/ç¤¾å›¢/QTA/2025PKUQTA/M2_week5/M2_week5.tex:237: Improper alphabetic constant.
<to be read again> 
                   \lst@FillFixed@ 
l.237                 # å·¦è¾¹æ•°ç»„ä¸­ï¼Œä» 
                                              i åˆ° mid çš„æ‰€æœ‰å…ƒç´ éƒ½æ¯...
A one-character control sequence belongs after a ` mark.
So I'm essentially inserting \0 here.

d:/æ±‡ä¸°ç”Ÿæ´»/ç¤¾å›¢/QTA/2025PKUQTA/M2_week5/M2_week5.tex:237: Argument of \lst@FillFixed@ has an extra }.
<inserted text> 
                \par 
l.237                 # å·¦è¾¹æ•°ç»„ä¸­ï¼Œä» 
                                              i åˆ° mid çš„æ‰€æœ‰å…ƒç´ éƒ½æ¯...
I've run across a `}' that doesn't seem to match anything.
For example, `\def\a#1{...}' and `\a}' would produce
this error. If you simply proceed now, the `\par' that
I've just inserted will cause me to report a runaway
argument that might be the root of the problem. But if
your `}' was spurious, just type `2' and it will go away.

Runaway argument?
d:/æ±‡ä¸°ç”Ÿæ´»/ç¤¾å›¢/QTA/2025PKUQTA/M2_week5/M2_week5.tex:237: Paragraph ended before \lst@FillFixed@ was complete.
<to be read again> 
                   \par 
l.237                 # å·¦è¾¹æ•°ç»„ä¸­ï¼Œä» 
                                              i åˆ° mid çš„æ‰€æœ‰å…ƒç´ éƒ½æ¯...
I suspect you've forgotten a `}', causing me to apply this
control sequence to too much text. How can we recover?
My plan is to forget the whole thing and hope for the best.

d:/æ±‡ä¸°ç”Ÿæ´»/ç¤¾å›¢/QTA/2025PKUQTA/M2_week5/M2_week5.tex:237: Improper alphabetic constant.
<to be read again> 
                   \lst@EC· 
l.237                 # å·¦è¾¹æ•°ç»„ä¸­ï¼Œä» 
                                              i åˆ° mid çš„æ‰€æœ‰å…ƒç´ éƒ½æ¯...
A one-character control sequence belongs after a ` mark.
So I'm essentially inserting \0 here.

Runaway argument?
{48
d:/æ±‡ä¸°ç”Ÿæ´»/ç¤¾å›¢/QTA/2025PKUQTA/M2_week5/M2_week5.tex:237: Paragraph ended before \CJK@229 was complete.
<to be read again> 
                   \par 
l.237                 # å·¦è¾¹æ•°ç»„ä¸­ï¼Œä» 
                                              i åˆ° mid çš„æ‰€æœ‰å…ƒç´ éƒ½æ¯...
I suspect you've forgotten a `}', causing me to apply this
control sequence to too much text. How can we recover?
My plan is to forget the whole thing and hope for the best.

Missing character: There is no · in font cmtt9!
Missing character: There is no ¦ in font cmtt9!
d:/æ±‡ä¸°ç”Ÿæ´»/ç¤¾å›¢/QTA/2025PKUQTA/M2_week5/M2_week5.tex:237: Improper alphabetic constant.
<to be read again> 
                   \lst@EC¾ 
l.237                 # å·¦è¾¹æ•°ç»„ä¸­ï¼Œä» 
                                              i åˆ° mid çš„æ‰€æœ‰å…ƒç´ éƒ½æ¯...
A one-character control sequence belongs after a ` mark.
So I'm essentially inserting \0 here.

d:/æ±‡ä¸°ç”Ÿæ´»/ç¤¾å›¢/QTA/2025PKUQTA/M2_week5/M2_week5.tex:237: Improper alphabetic constant.
<to be read again> 
                   \lst@EC¹ 
l.237                 # å·¦è¾¹æ•°ç»„ä¸­ï¼Œä» 
                                              i åˆ° mid çš„æ‰€æœ‰å…ƒç´ éƒ½æ¯...
A one-character control sequence belongs after a ` mark.
So I'm essentially inserting \0 here.

d:/æ±‡ä¸°ç”Ÿæ´»/ç¤¾å›¢/QTA/2025PKUQTA/M2_week5/M2_week5.tex:237: Missing = inserted for \ifnum.
<to be read again> 
                   ¾
l.237                 # å·¦è¾¹æ•°ç»„ä¸­ï¼Œä» 
                                              i åˆ° mid çš„æ‰€æœ‰å…ƒç´ éƒ½æ¯...
I was expecting to see `<', `=', or `>'. Didn't.

d:/æ±‡ä¸°ç”Ÿæ´»/ç¤¾å›¢/QTA/2025PKUQTA/M2_week5/M2_week5.tex:237: Missing number, treated as zero.
<to be read again> 
                   ¾
l.237                 # å·¦è¾¹æ•°ç»„ä¸­ï¼Œä» 
                                              i åˆ° mid çš„æ‰€æœ‰å…ƒç´ éƒ½æ¯...
A number should have been here; I inserted `0'.
(If you can't figure out why I needed to see a number,
look up `weird error' in the index to The TeXbook.)

d:/æ±‡ä¸°ç”Ÿæ´»/ç¤¾å›¢/QTA/2025PKUQTA/M2_week5/M2_week5.tex:237: Missing = inserted for \ifnum.
<to be read again> 
                   ¾
l.237                 # å·¦è¾¹æ•°ç»„ä¸­ï¼Œä» 
                                              i åˆ° mid çš„æ‰€æœ‰å…ƒç´ éƒ½æ¯...
I was expecting to see `<', `=', or `>'. Didn't.

d:/æ±‡ä¸°ç”Ÿæ´»/ç¤¾å›¢/QTA/2025PKUQTA/M2_week5/M2_week5.tex:237: Missing number, treated as zero.
<to be read again> 
                   ¾
l.237                 # å·¦è¾¹æ•°ç»„ä¸­ï¼Œä» 
                                              i åˆ° mid çš„æ‰€æœ‰å…ƒç´ éƒ½æ¯...
A number should have been here; I inserted `0'.
(If you can't figure out why I needed to see a number,
look up `weird error' in the index to The TeXbook.)

d:/æ±‡ä¸°ç”Ÿæ´»/ç¤¾å›¢/QTA/2025PKUQTA/M2_week5/M2_week5.tex:237: Missing = inserted for \ifnum.
<to be read again> 
                   ¹
l.237                 # å·¦è¾¹æ•°ç»„ä¸­ï¼Œä» 
                                              i åˆ° mid çš„æ‰€æœ‰å…ƒç´ éƒ½æ¯...
I was expecting to see `<', `=', or `>'. Didn't.

d:/æ±‡ä¸°ç”Ÿæ´»/ç¤¾å›¢/QTA/2025PKUQTA/M2_week5/M2_week5.tex:237: Missing number, treated as zero.
<to be read again> 
                   ¹
l.237                 # å·¦è¾¹æ•°ç»„ä¸­ï¼Œä» 
                                              i åˆ° mid çš„æ‰€æœ‰å…ƒç´ éƒ½æ¯...
A number should have been here; I inserted `0'.
(If you can't figure out why I needed to see a number,
look up `weird error' in the index to The TeXbook.)

d:/æ±‡ä¸°ç”Ÿæ´»/ç¤¾å›¢/QTA/2025PKUQTA/M2_week5/M2_week5.tex:237: Missing = inserted for \ifnum.
<to be read again> 
                   ¹
l.237                 # å·¦è¾¹æ•°ç»„ä¸­ï¼Œä» 
                                              i åˆ° mid çš„æ‰€æœ‰å…ƒç´ éƒ½æ¯...
I was expecting to see `<', `=', or `>'. Didn't.

d:/æ±‡ä¸°ç”Ÿæ´»/ç¤¾å›¢/QTA/2025PKUQTA/M2_week5/M2_week5.tex:237: Missing number, treated as zero.
<to be read again> 
                   ¹
l.237                 # å·¦è¾¹æ•°ç»„ä¸­ï¼Œä» 
                                              i åˆ° mid çš„æ‰€æœ‰å…ƒç´ éƒ½æ¯...
A number should have been here; I inserted `0'.
(If you can't figure out why I needed to see a number,
look up `weird error' in the index to The TeXbook.)

Missing character: There is no ¾ in font cmtt9!
Missing character: There is no ¾ in font cmtt9!
Missing character: There is no ¹ in font cmtt9!
d:/æ±‡ä¸°ç”Ÿæ´»/ç¤¾å›¢/QTA/2025PKUQTA/M2_week5/M2_week5.tex:237: Bad character code (-80).
<argument> \@tempcnta 
                      
l.237                 # å·¦è¾¹æ•°ç»„ä¸­ï¼Œä» 
                                              i åˆ° mid çš„æ‰€æœ‰å…ƒç´ éƒ½æ¯...
A character number must be between 0 and 255.
I changed this one to zero.

d:/æ±‡ä¸°ç”Ÿæ´»/ç¤¾å›¢/QTA/2025PKUQTA/M2_week5/M2_week5.tex:237: Improper alphabetic constant.
<to be read again> 
                   \lst@EC• 
l.237                 # å·¦è¾¹æ•°ç»„ä¸­ï¼Œä» 
                                              i åˆ° mid çš„æ‰€æœ‰å…ƒç´ éƒ½æ¯...
A one-character control sequence belongs after a ` mark.
So I'm essentially inserting \0 here.

d:/æ±‡ä¸°ç”Ÿæ´»/ç¤¾å›¢/QTA/2025PKUQTA/M2_week5/M2_week5.tex:237: Improper alphabetic constant.
<to be read again> 
                   \lst@EC° 
l.237                 # å·¦è¾¹æ•°ç»„ä¸­ï¼Œä» 
                                              i åˆ° mid çš„æ‰€æœ‰å…ƒç´ éƒ½æ¯...
A one-character control sequence belongs after a ` mark.
So I'm essentially inserting \0 here.

d:/æ±‡ä¸°ç”Ÿæ´»/ç¤¾å›¢/QTA/2025PKUQTA/M2_week5/M2_week5.tex:237: Missing = inserted for \ifnum.
<to be read again> 
                   •
l.237                 # å·¦è¾¹æ•°ç»„ä¸­ï¼Œä» 
                                              i åˆ° mid çš„æ‰€æœ‰å…ƒç´ éƒ½æ¯...
I was expecting to see `<', `=', or `>'. Didn't.

d:/æ±‡ä¸°ç”Ÿæ´»/ç¤¾å›¢/QTA/2025PKUQTA/M2_week5/M2_week5.tex:237: Missing number, treated as zero.
<to be read again> 
                   •
l.237                 # å·¦è¾¹æ•°ç»„ä¸­ï¼Œä» 
                                              i åˆ° mid çš„æ‰€æœ‰å…ƒç´ éƒ½æ¯...
A number should have been here; I inserted `0'.
(If you can't figure out why I needed to see a number,
look up `weird error' in the index to The TeXbook.)

d:/æ±‡ä¸°ç”Ÿæ´»/ç¤¾å›¢/QTA/2025PKUQTA/M2_week5/M2_week5.tex:237: Missing = inserted for \ifnum.
<to be read again> 
                   •
l.237                 # å·¦è¾¹æ•°ç»„ä¸­ï¼Œä» 
                                              i åˆ° mid çš„æ‰€æœ‰å…ƒç´ éƒ½æ¯...
I was expecting to see `<', `=', or `>'. Didn't.

d:/æ±‡ä¸°ç”Ÿæ´»/ç¤¾å›¢/QTA/2025PKUQTA/M2_week5/M2_week5.tex:237: Missing number, treated as zero.
<to be read again> 
                   •
l.237                 # å·¦è¾¹æ•°ç»„ä¸­ï¼Œä» 
                                              i åˆ° mid çš„æ‰€æœ‰å…ƒç´ éƒ½æ¯...
A number should have been here; I inserted `0'.
(If you can't figure out why I needed to see a number,
look up `weird error' in the index to The TeXbook.)

d:/æ±‡ä¸°ç”Ÿæ´»/ç¤¾å›¢/QTA/2025PKUQTA/M2_week5/M2_week5.tex:237: Missing = inserted for \ifnum.
<to be read again> 
                   °
l.237                 # å·¦è¾¹æ•°ç»„ä¸­ï¼Œä» 
                                              i åˆ° mid çš„æ‰€æœ‰å…ƒç´ éƒ½æ¯...
I was expecting to see `<', `=', or `>'. Didn't.

d:/æ±‡ä¸°ç”Ÿæ´»/ç¤¾å›¢/QTA/2025PKUQTA/M2_week5/M2_week5.tex:237: Missing number, treated as zero.
<to be read again> 
                   °
l.237                 # å·¦è¾¹æ•°ç»„ä¸­ï¼Œä» 
                                              i åˆ° mid çš„æ‰€æœ‰å…ƒç´ éƒ½æ¯...
A number should have been here; I inserted `0'.
(If you can't figure out why I needed to see a number,
look up `weird error' in the index to The TeXbook.)

d:/æ±‡ä¸°ç”Ÿæ´»/ç¤¾å›¢/QTA/2025PKUQTA/M2_week5/M2_week5.tex:237: Missing = inserted for \ifnum.
<to be read again> 
                   °
l.237                 # å·¦è¾¹æ•°ç»„ä¸­ï¼Œä» 
                                              i åˆ° mid çš„æ‰€æœ‰å…ƒç´ éƒ½æ¯...
I was expecting to see `<', `=', or `>'. Didn't.

d:/æ±‡ä¸°ç”Ÿæ´»/ç¤¾å›¢/QTA/2025PKUQTA/M2_week5/M2_week5.tex:237: Missing number, treated as zero.
<to be read again> 
                   °
l.237                 # å·¦è¾¹æ•°ç»„ä¸­ï¼Œä» 
                                              i åˆ° mid çš„æ‰€æœ‰å…ƒç´ éƒ½æ¯...
A number should have been here; I inserted `0'.
(If you can't figure out why I needed to see a number,
look up `weird error' in the index to The TeXbook.)

Missing character: There is no • in font cmtt9!
Missing character: There is no • in font cmtt9!
Missing character: There is no ° in font cmtt9!
d:/æ±‡ä¸°ç”Ÿæ´»/ç¤¾å›¢/QTA/2025PKUQTA/M2_week5/M2_week5.tex:237: Bad character code (-80).
<argument> \@tempcnta 
                      
l.237                 # å·¦è¾¹æ•°ç»„ä¸­ï¼Œä» 
                                              i åˆ° mid çš„æ‰€æœ‰å…ƒç´ éƒ½æ¯...
A character number must be between 0 and 255.
I changed this one to zero.

d:/æ±‡ä¸°ç”Ÿæ´»/ç¤¾å›¢/QTA/2025PKUQTA/M2_week5/M2_week5.tex:237: Improper alphabetic constant.
<to be read again> 
                   \lst@EC» 
l.237                 # å·¦è¾¹æ•°ç»„ä¸­ï¼Œä» 
                                              i åˆ° mid çš„æ‰€æœ‰å…ƒç´ éƒ½æ¯...
A one-character control sequence belongs after a ` mark.
So I'm essentially inserting \0 here.

d:/æ±‡ä¸°ç”Ÿæ´»/ç¤¾å›¢/QTA/2025PKUQTA/M2_week5/M2_week5.tex:237: Improper alphabetic constant.
<to be read again> 
                   \lst@EC„ 
l.237                 # å·¦è¾¹æ•°ç»„ä¸­ï¼Œä» 
                                              i åˆ° mid çš„æ‰€æœ‰å…ƒç´ éƒ½æ¯...
A one-character control sequence belongs after a ` mark.
So I'm essentially inserting \0 here.

d:/æ±‡ä¸°ç”Ÿæ´»/ç¤¾å›¢/QTA/2025PKUQTA/M2_week5/M2_week5.tex:237: Missing = inserted for \ifnum.
<to be read again> 
                   »
l.237                 # å·¦è¾¹æ•°ç»„ä¸­ï¼Œä» 
                                              i åˆ° mid çš„æ‰€æœ‰å…ƒç´ éƒ½æ¯...
I was expecting to see `<', `=', or `>'. Didn't.

d:/æ±‡ä¸°ç”Ÿæ´»/ç¤¾å›¢/QTA/2025PKUQTA/M2_week5/M2_week5.tex:237: Missing number, treated as zero.
<to be read again> 
                   »
l.237                 # å·¦è¾¹æ•°ç»„ä¸­ï¼Œä» 
                                              i åˆ° mid çš„æ‰€æœ‰å…ƒç´ éƒ½æ¯...
A number should have been here; I inserted `0'.
(If you can't figure out why I needed to see a number,
look up `weird error' in the index to The TeXbook.)

d:/æ±‡ä¸°ç”Ÿæ´»/ç¤¾å›¢/QTA/2025PKUQTA/M2_week5/M2_week5.tex:237: Missing = inserted for \ifnum.
<to be read again> 
                   »
l.237                 # å·¦è¾¹æ•°ç»„ä¸­ï¼Œä» 
                                              i åˆ° mid çš„æ‰€æœ‰å…ƒç´ éƒ½æ¯...
I was expecting to see `<', `=', or `>'. Didn't.

d:/æ±‡ä¸°ç”Ÿæ´»/ç¤¾å›¢/QTA/2025PKUQTA/M2_week5/M2_week5.tex:237: Missing number, treated as zero.
<to be read again> 
                   »
l.237                 # å·¦è¾¹æ•°ç»„ä¸­ï¼Œä» 
                                              i åˆ° mid çš„æ‰€æœ‰å…ƒç´ éƒ½æ¯...
A number should have been here; I inserted `0'.
(If you can't figure out why I needed to see a number,
look up `weird error' in the index to The TeXbook.)

d:/æ±‡ä¸°ç”Ÿæ´»/ç¤¾å›¢/QTA/2025PKUQTA/M2_week5/M2_week5.tex:237: Missing = inserted for \ifnum.
<to be read again> 
                   „
l.237                 # å·¦è¾¹æ•°ç»„ä¸­ï¼Œä» 
                                              i åˆ° mid çš„æ‰€æœ‰å…ƒç´ éƒ½æ¯...
I was expecting to see `<', `=', or `>'. Didn't.

d:/æ±‡ä¸°ç”Ÿæ´»/ç¤¾å›¢/QTA/2025PKUQTA/M2_week5/M2_week5.tex:237: Missing number, treated as zero.
<to be read again> 
                   „
l.237                 # å·¦è¾¹æ•°ç»„ä¸­ï¼Œä» 
                                              i åˆ° mid çš„æ‰€æœ‰å…ƒç´ éƒ½æ¯...
A number should have been here; I inserted `0'.
(If you can't figure out why I needed to see a number,
look up `weird error' in the index to The TeXbook.)

d:/æ±‡ä¸°ç”Ÿæ´»/ç¤¾å›¢/QTA/2025PKUQTA/M2_week5/M2_week5.tex:237: Missing = inserted for \ifnum.
<to be read again> 
                   „
l.237                 # å·¦è¾¹æ•°ç»„ä¸­ï¼Œä» 
                                              i åˆ° mid çš„æ‰€æœ‰å…ƒç´ éƒ½æ¯...
I was expecting to see `<', `=', or `>'. Didn't.

d:/æ±‡ä¸°ç”Ÿæ´»/ç¤¾å›¢/QTA/2025PKUQTA/M2_week5/M2_week5.tex:237: Missing number, treated as zero.
<to be read again> 
                   „
l.237                 # å·¦è¾¹æ•°ç»„ä¸­ï¼Œä» 
                                              i åˆ° mid çš„æ‰€æœ‰å…ƒç´ éƒ½æ¯...
A number should have been here; I inserted `0'.
(If you can't figure out why I needed to see a number,
look up `weird error' in the index to The TeXbook.)

Missing character: There is no » in font cmtt9!
Missing character: There is no » in font cmtt9!
Missing character: There is no „ in font cmtt9!
d:/æ±‡ä¸°ç”Ÿæ´»/ç¤¾å›¢/QTA/2025PKUQTA/M2_week5/M2_week5.tex:237: Bad character code (-80).
<argument> \@tempcnta 
                      
l.237                 # å·¦è¾¹æ•°ç»„ä¸­ï¼Œä» 
                                              i åˆ° mid çš„æ‰€æœ‰å…ƒç´ éƒ½æ¯...
A character number must be between 0 and 255.
I changed this one to zero.

d:/æ±‡ä¸°ç”Ÿæ´»/ç¤¾å›¢/QTA/2025PKUQTA/M2_week5/M2_week5.tex:237: Improper alphabetic constant.
<to be read again> 
                   \lst@EC¸ 
l.237                 # å·¦è¾¹æ•°ç»„ä¸­ï¼Œä» 
                                              i åˆ° mid çš„æ‰€æœ‰å…ƒç´ éƒ½æ¯...
A one-character control sequence belongs after a ` mark.
So I'm essentially inserting \0 here.

d:/æ±‡ä¸°ç”Ÿæ´»/ç¤¾å›¢/QTA/2025PKUQTA/M2_week5/M2_week5.tex:237: Improper alphabetic constant.
<to be read again> 
                   \lst@EC­ 
l.237                 # å·¦è¾¹æ•°ç»„ä¸­ï¼Œä» 
                                              i åˆ° mid çš„æ‰€æœ‰å…ƒç´ éƒ½æ¯...
A one-character control sequence belongs after a ` mark.
So I'm essentially inserting \0 here.

d:/æ±‡ä¸°ç”Ÿæ´»/ç¤¾å›¢/QTA/2025PKUQTA/M2_week5/M2_week5.tex:237: Missing = inserted for \ifnum.
<to be read again> 
                   ¸
l.237                 # å·¦è¾¹æ•°ç»„ä¸­ï¼Œä» 
                                              i åˆ° mid çš„æ‰€æœ‰å…ƒç´ éƒ½æ¯...
I was expecting to see `<', `=', or `>'. Didn't.

d:/æ±‡ä¸°ç”Ÿæ´»/ç¤¾å›¢/QTA/2025PKUQTA/M2_week5/M2_week5.tex:237: Missing number, treated as zero.
<to be read again> 
                   ¸
l.237                 # å·¦è¾¹æ•°ç»„ä¸­ï¼Œä» 
                                              i åˆ° mid çš„æ‰€æœ‰å…ƒç´ éƒ½æ¯...
A number should have been here; I inserted `0'.
(If you can't figure out why I needed to see a number,
look up `weird error' in the index to The TeXbook.)

d:/æ±‡ä¸°ç”Ÿæ´»/ç¤¾å›¢/QTA/2025PKUQTA/M2_week5/M2_week5.tex:237: Missing = inserted for \ifnum.
<to be read again> 
                   ¸
l.237                 # å·¦è¾¹æ•°ç»„ä¸­ï¼Œä» 
                                              i åˆ° mid çš„æ‰€æœ‰å…ƒç´ éƒ½æ¯...
I was expecting to see `<', `=', or `>'. Didn't.

d:/æ±‡ä¸°ç”Ÿæ´»/ç¤¾å›¢/QTA/2025PKUQTA/M2_week5/M2_week5.tex:237: Missing number, treated as zero.
<to be read again> 
                   ¸
l.237                 # å·¦è¾¹æ•°ç»„ä¸­ï¼Œä» 
                                              i åˆ° mid çš„æ‰€æœ‰å…ƒç´ éƒ½æ¯...
A number should have been here; I inserted `0'.
(If you can't figure out why I needed to see a number,
look up `weird error' in the index to The TeXbook.)

d:/æ±‡ä¸°ç”Ÿæ´»/ç¤¾å›¢/QTA/2025PKUQTA/M2_week5/M2_week5.tex:237: Missing = inserted for \ifnum.
<to be read again> 
                   ­
l.237                 # å·¦è¾¹æ•°ç»„ä¸­ï¼Œä» 
                                              i åˆ° mid çš„æ‰€æœ‰å…ƒç´ éƒ½æ¯...
I was expecting to see `<', `=', or `>'. Didn't.

d:/æ±‡ä¸°ç”Ÿæ´»/ç¤¾å›¢/QTA/2025PKUQTA/M2_week5/M2_week5.tex:237: Missing number, treated as zero.
<to be read again> 
                   ­
l.237                 # å·¦è¾¹æ•°ç»„ä¸­ï¼Œä» 
                                              i åˆ° mid çš„æ‰€æœ‰å…ƒç´ éƒ½æ¯...
A number should have been here; I inserted `0'.
(If you can't figure out why I needed to see a number,
look up `weird error' in the index to The TeXbook.)

d:/æ±‡ä¸°ç”Ÿæ´»/ç¤¾å›¢/QTA/2025PKUQTA/M2_week5/M2_week5.tex:237: Missing = inserted for \ifnum.
<to be read again> 
                   ­
l.237                 # å·¦è¾¹æ•°ç»„ä¸­ï¼Œä» 
                                              i åˆ° mid çš„æ‰€æœ‰å…ƒç´ éƒ½æ¯...
I was expecting to see `<', `=', or `>'. Didn't.

d:/æ±‡ä¸°ç”Ÿæ´»/ç¤¾å›¢/QTA/2025PKUQTA/M2_week5/M2_week5.tex:237: Missing number, treated as zero.
<to be read again> 
                   ­
l.237                 # å·¦è¾¹æ•°ç»„ä¸­ï¼Œä» 
                                              i åˆ° mid çš„æ‰€æœ‰å…ƒç´ éƒ½æ¯...
A number should have been here; I inserted `0'.
(If you can't figure out why I needed to see a number,
look up `weird error' in the index to The TeXbook.)

Missing character: There is no ¸ in font cmtt9!
Missing character: There is no ¸ in font cmtt9!
Missing character: There is no ­ in font cmtt9!
d:/æ±‡ä¸°ç”Ÿæ´»/ç¤¾å›¢/QTA/2025PKUQTA/M2_week5/M2_week5.tex:237: Bad character code (-80).
<argument> \@tempcnta 
                      
l.237                 # å·¦è¾¹æ•°ç»„ä¸­ï¼Œä» 
                                              i åˆ° mid çš„æ‰€æœ‰å…ƒç´ éƒ½æ¯...
A character number must be between 0 and 255.
I changed this one to zero.

d:/æ±‡ä¸°ç”Ÿæ´»/ç¤¾å›¢/QTA/2025PKUQTA/M2_week5/M2_week5.tex:237: Improper alphabetic constant.
<to be read again> 
                   \lst@EC¼ 
l.237                 # å·¦è¾¹æ•°ç»„ä¸­ï¼Œä» 
                                              i åˆ° mid çš„æ‰€æœ‰å…ƒç´ éƒ½æ¯...
A one-character control sequence belongs after a ` mark.
So I'm essentially inserting \0 here.

d:/æ±‡ä¸°ç”Ÿæ´»/ç¤¾å›¢/QTA/2025PKUQTA/M2_week5/M2_week5.tex:237: Improper alphabetic constant.
<to be read again> 
                   \lst@ECŒ 
l.237                 # å·¦è¾¹æ•°ç»„ä¸­ï¼Œä» 
                                              i åˆ° mid çš„æ‰€æœ‰å…ƒç´ éƒ½æ¯...
A one-character control sequence belongs after a ` mark.
So I'm essentially inserting \0 here.

d:/æ±‡ä¸°ç”Ÿæ´»/ç¤¾å›¢/QTA/2025PKUQTA/M2_week5/M2_week5.tex:237: Missing = inserted for \ifnum.
<to be read again> 
                   ¼
l.237                 # å·¦è¾¹æ•°ç»„ä¸­ï¼Œä» 
                                              i åˆ° mid çš„æ‰€æœ‰å…ƒç´ éƒ½æ¯...
I was expecting to see `<', `=', or `>'. Didn't.

d:/æ±‡ä¸°ç”Ÿæ´»/ç¤¾å›¢/QTA/2025PKUQTA/M2_week5/M2_week5.tex:237: Missing number, treated as zero.
<to be read again> 
                   ¼
l.237                 # å·¦è¾¹æ•°ç»„ä¸­ï¼Œä» 
                                              i åˆ° mid çš„æ‰€æœ‰å…ƒç´ éƒ½æ¯...
A number should have been here; I inserted `0'.
(If you can't figure out why I needed to see a number,
look up `weird error' in the index to The TeXbook.)

d:/æ±‡ä¸°ç”Ÿæ´»/ç¤¾å›¢/QTA/2025PKUQTA/M2_week5/M2_week5.tex:237: Missing = inserted for \ifnum.
<to be read again> 
                   ¼
l.237                 # å·¦è¾¹æ•°ç»„ä¸­ï¼Œä» 
                                              i åˆ° mid çš„æ‰€æœ‰å…ƒç´ éƒ½æ¯...
I was expecting to see `<', `=', or `>'. Didn't.

d:/æ±‡ä¸°ç”Ÿæ´»/ç¤¾å›¢/QTA/2025PKUQTA/M2_week5/M2_week5.tex:237: Missing number, treated as zero.
<to be read again> 
                   ¼
l.237                 # å·¦è¾¹æ•°ç»„ä¸­ï¼Œä» 
                                              i åˆ° mid çš„æ‰€æœ‰å…ƒç´ éƒ½æ¯...
A number should have been here; I inserted `0'.
(If you can't figure out why I needed to see a number,
look up `weird error' in the index to The TeXbook.)

d:/æ±‡ä¸°ç”Ÿæ´»/ç¤¾å›¢/QTA/2025PKUQTA/M2_week5/M2_week5.tex:237: Missing = inserted for \ifnum.
<to be read again> 
                   Œ
l.237                 # å·¦è¾¹æ•°ç»„ä¸­ï¼Œä» 
                                              i åˆ° mid çš„æ‰€æœ‰å…ƒç´ éƒ½æ¯...
I was expecting to see `<', `=', or `>'. Didn't.

d:/æ±‡ä¸°ç”Ÿæ´»/ç¤¾å›¢/QTA/2025PKUQTA/M2_week5/M2_week5.tex:237: Missing number, treated as zero.
<to be read again> 
                   Œ
l.237                 # å·¦è¾¹æ•°ç»„ä¸­ï¼Œä» 
                                              i åˆ° mid çš„æ‰€æœ‰å…ƒç´ éƒ½æ¯...
A number should have been here; I inserted `0'.
(If you can't figure out why I needed to see a number,
look up `weird error' in the index to The TeXbook.)

d:/æ±‡ä¸°ç”Ÿæ´»/ç¤¾å›¢/QTA/2025PKUQTA/M2_week5/M2_week5.tex:237: Missing = inserted for \ifnum.
<to be read again> 
                   Œ
l.237                 # å·¦è¾¹æ•°ç»„ä¸­ï¼Œä» 
                                              i åˆ° mid çš„æ‰€æœ‰å…ƒç´ éƒ½æ¯...
I was expecting to see `<', `=', or `>'. Didn't.

d:/æ±‡ä¸°ç”Ÿæ´»/ç¤¾å›¢/QTA/2025PKUQTA/M2_week5/M2_week5.tex:237: Missing number, treated as zero.
<to be read again> 
                   Œ
l.237                 # å·¦è¾¹æ•°ç»„ä¸­ï¼Œä» 
                                              i åˆ° mid çš„æ‰€æœ‰å…ƒç´ éƒ½æ¯...
A number should have been here; I inserted `0'.
(If you can't figure out why I needed to see a number,
look up `weird error' in the index to The TeXbook.)

Missing character: There is no ¼ in font cmtt9!
Missing character: There is no ¼ in font cmtt9!
Missing character: There is no Œ in font cmtt9!
d:/æ±‡ä¸°ç”Ÿæ´»/ç¤¾å›¢/QTA/2025PKUQTA/M2_week5/M2_week5.tex:237: Bad character code (-80).
<argument> \@tempcnta 
                      
l.237                 # å·¦è¾¹æ•°ç»„ä¸­ï¼Œä» 
                                              i åˆ° mid çš„æ‰€æœ‰å…ƒç´ éƒ½æ¯...
A character number must be between 0 and 255.
I changed this one to zero.

d:/æ±‡ä¸°ç”Ÿæ´»/ç¤¾å›¢/QTA/2025PKUQTA/M2_week5/M2_week5.tex:237: Improper alphabetic constant.
<to be read again> 
                   \lst@EC» 
l.237                 # å·¦è¾¹æ•°ç»„ä¸­ï¼Œä» 
                                              i åˆ° mid çš„æ‰€æœ‰å…ƒç´ éƒ½æ¯...
A one-character control sequence belongs after a ` mark.
So I'm essentially inserting \0 here.

d:/æ±‡ä¸°ç”Ÿæ´»/ç¤¾å›¢/QTA/2025PKUQTA/M2_week5/M2_week5.tex:237: Improper alphabetic constant.
<to be read again> 
                   \lst@EC 
l.237                 # å·¦è¾¹æ•°ç»„ä¸­ï¼Œä» 
                                              i åˆ° mid çš„æ‰€æœ‰å…ƒç´ éƒ½æ¯...
A one-character control sequence belongs after a ` mark.
So I'm essentially inserting \0 here.

d:/æ±‡ä¸°ç”Ÿæ´»/ç¤¾å›¢/QTA/2025PKUQTA/M2_week5/M2_week5.tex:237: Missing = inserted for \ifnum.
<to be read again> 
                   »
l.237                 # å·¦è¾¹æ•°ç»„ä¸­ï¼Œä» 
                                              i åˆ° mid çš„æ‰€æœ‰å…ƒç´ éƒ½æ¯...
I was expecting to see `<', `=', or `>'. Didn't.

d:/æ±‡ä¸°ç”Ÿæ´»/ç¤¾å›¢/QTA/2025PKUQTA/M2_week5/M2_week5.tex:237: Missing number, treated as zero.
<to be read again> 
                   »
l.237                 # å·¦è¾¹æ•°ç»„ä¸­ï¼Œä» 
                                              i åˆ° mid çš„æ‰€æœ‰å…ƒç´ éƒ½æ¯...
A number should have been here; I inserted `0'.
(If you can't figure out why I needed to see a number,
look up `weird error' in the index to The TeXbook.)

d:/æ±‡ä¸°ç”Ÿæ´»/ç¤¾å›¢/QTA/2025PKUQTA/M2_week5/M2_week5.tex:237: Missing = inserted for \ifnum.
<to be read again> 
                   »
l.237                 # å·¦è¾¹æ•°ç»„ä¸­ï¼Œä» 
                                              i åˆ° mid çš„æ‰€æœ‰å…ƒç´ éƒ½æ¯...
I was expecting to see `<', `=', or `>'. Didn't.

d:/æ±‡ä¸°ç”Ÿæ´»/ç¤¾å›¢/QTA/2025PKUQTA/M2_week5/M2_week5.tex:237: Missing number, treated as zero.
<to be read again> 
                   »
l.237                 # å·¦è¾¹æ•°ç»„ä¸­ï¼Œä» 
                                              i åˆ° mid çš„æ‰€æœ‰å…ƒç´ éƒ½æ¯...
A number should have been here; I inserted `0'.
(If you can't figure out why I needed to see a number,
look up `weird error' in the index to The TeXbook.)

d:/æ±‡ä¸°ç”Ÿæ´»/ç¤¾å›¢/QTA/2025PKUQTA/M2_week5/M2_week5.tex:237: Missing = inserted for \ifnum.
<to be read again> 
                   
l.237                 # å·¦è¾¹æ•°ç»„ä¸­ï¼Œä» 
                                              i åˆ° mid çš„æ‰€æœ‰å…ƒç´ éƒ½æ¯...
I was expecting to see `<', `=', or `>'. Didn't.

d:/æ±‡ä¸°ç”Ÿæ´»/ç¤¾å›¢/QTA/2025PKUQTA/M2_week5/M2_week5.tex:237: Missing number, treated as zero.
<to be read again> 
                   
l.237                 # å·¦è¾¹æ•°ç»„ä¸­ï¼Œä» 
                                              i åˆ° mid çš„æ‰€æœ‰å…ƒç´ éƒ½æ¯...
A number should have been here; I inserted `0'.
(If you can't figure out why I needed to see a number,
look up `weird error' in the index to The TeXbook.)

d:/æ±‡ä¸°ç”Ÿæ´»/ç¤¾å›¢/QTA/2025PKUQTA/M2_week5/M2_week5.tex:237: Missing = inserted for \ifnum.
<to be read again> 
                   
l.237                 # å·¦è¾¹æ•°ç»„ä¸­ï¼Œä» 
                                              i åˆ° mid çš„æ‰€æœ‰å…ƒç´ éƒ½æ¯...
I was expecting to see `<', `=', or `>'. Didn't.

d:/æ±‡ä¸°ç”Ÿæ´»/ç¤¾å›¢/QTA/2025PKUQTA/M2_week5/M2_week5.tex:237: Missing number, treated as zero.
<to be read again> 
                   
l.237                 # å·¦è¾¹æ•°ç»„ä¸­ï¼Œä» 
                                              i åˆ° mid çš„æ‰€æœ‰å…ƒç´ éƒ½æ¯...
A number should have been here; I inserted `0'.
(If you can't figure out why I needed to see a number,
look up `weird error' in the index to The TeXbook.)

Missing character: There is no » in font cmtt9!
Missing character: There is no » in font cmtt9!
Missing character: There is no  in font cmtt9!
d:/æ±‡ä¸°ç”Ÿæ´»/ç¤¾å›¢/QTA/2025PKUQTA/M2_week5/M2_week5.tex:237: Bad character code (-80).
<argument> \@tempcnta 
                      
l.237                 # å·¦è¾¹æ•°ç»„ä¸­ï¼Œä» 
                                              i åˆ° mid çš„æ‰€æœ‰å…ƒç´ éƒ½æ¯...
A character number must be between 0 and 255.
I changed this one to zero.

d:/æ±‡ä¸°ç”Ÿæ´»/ç¤¾å›¢/QTA/2025PKUQTA/M2_week5/M2_week5.tex:237: Improper alphabetic constant.
<to be read again> 
                   \lst@FillFixed@ 
l.237 ...           # å·¦è¾¹æ•°ç»„ä¸­ï¼Œä» i åˆ° 
                                                  mid çš„æ‰€æœ‰å…ƒç´ éƒ½æ¯” ...
A one-character control sequence belongs after a ` mark.
So I'm essentially inserting \0 here.

d:/æ±‡ä¸°ç”Ÿæ´»/ç¤¾å›¢/QTA/2025PKUQTA/M2_week5/M2_week5.tex:237: Argument of \lst@FillFixed@ has an extra }.
<inserted text> 
                \par 
l.237 ...           # å·¦è¾¹æ•°ç»„ä¸­ï¼Œä» i åˆ° 
                                                  mid çš„æ‰€æœ‰å…ƒç´ éƒ½æ¯” ...
I've run across a `}' that doesn't seem to match anything.
For example, `\def\a#1{...}' and `\a}' would produce
this error. If you simply proceed now, the `\par' that
I've just inserted will cause me to report a runaway
argument that might be the root of the problem. But if
your `}' was spurious, just type `2' and it will go away.

Runaway argument?
d:/æ±‡ä¸°ç”Ÿæ´»/ç¤¾å›¢/QTA/2025PKUQTA/M2_week5/M2_week5.tex:237: Paragraph ended before \lst@FillFixed@ was complete.
<to be read again> 
                   \par 
l.237 ...           # å·¦è¾¹æ•°ç»„ä¸­ï¼Œä» i åˆ° 
                                                  mid çš„æ‰€æœ‰å…ƒç´ éƒ½æ¯” ...
I suspect you've forgotten a `}', causing me to apply this
control sequence to too much text. How can we recover?
My plan is to forget the whole thing and hope for the best.

d:/æ±‡ä¸°ç”Ÿæ´»/ç¤¾å›¢/QTA/2025PKUQTA/M2_week5/M2_week5.tex:237: Improper alphabetic constant.
<to be read again> 
                   \lst@ECˆ 
l.237 ...           # å·¦è¾¹æ•°ç»„ä¸­ï¼Œä» i åˆ° 
                                                  mid çš„æ‰€æœ‰å…ƒç´ éƒ½æ¯” ...
A one-character control sequence belongs after a ` mark.
So I'm essentially inserting \0 here.

Runaway argument?
{48
d:/æ±‡ä¸°ç”Ÿæ´»/ç¤¾å›¢/QTA/2025PKUQTA/M2_week5/M2_week5.tex:237: Paragraph ended before \CJK@229 was complete.
<to be read again> 
                   \par 
l.237 ...           # å·¦è¾¹æ•°ç»„ä¸­ï¼Œä» i åˆ° 
                                                  mid çš„æ‰€æœ‰å…ƒç´ éƒ½æ¯” ...
I suspect you've forgotten a `}', causing me to apply this
control sequence to too much text. How can we recover?
My plan is to forget the whole thing and hope for the best.

Missing character: There is no ˆ in font cmtt9!
Missing character: There is no ° in font cmtt9!
d:/æ±‡ä¸°ç”Ÿæ´»/ç¤¾å›¢/QTA/2025PKUQTA/M2_week5/M2_week5.tex:242: You can't use `macro parameter character #' in horizontal mode.
l.242         #
                å¤„ç†å‰©ä½™å…ƒç´ 
Sorry, but I'm not programmed to handle this case;
I'll just pretend that you didn't ask for it.
If you're in the wrong mode, you might be able to
return to the right one by typing `I}' or `I$' or `I\par'.

d:/æ±‡ä¸°ç”Ÿæ´»/ç¤¾å›¢/QTA/2025PKUQTA/M2_week5/M2_week5.tex:250: You can't use `macro parameter character #' in horizontal mode.
l.250         #
                æ‹·å›åŸæ•°ç»„
Sorry, but I'm not programmed to handle this case;
I'll just pretend that you didn't ask for it.
If you're in the wrong mode, you might be able to
return to the right one by typing `I}' or `I$' or `I\par'.

d:/æ±‡ä¸°ç”Ÿæ´»/ç¤¾å›¢/QTA/2025PKUQTA/M2_week5/M2_week5.tex:253: Infinite glue shrinkage found in a paragraph.
<argument> ...hskip:D \c_zero_dim \fi: \tex_par:D 
                                                  \hook_use:n {para/after}\@...
l.253 \end{lstlisting}
                      
The paragraph just ended includes some glue that has
infinite shrinkability, e.g., `\hskip 0pt minus 1fil'.
Such glue doesn't belong there---it allows a paragraph
of any length to fit on one line. But it's safe to proceed,
since the offensive shrinkability has been made finite.

[6] (./M2_week5.aux)
 ***********
LaTeX2e <2025-11-01>
L3 programming layer <2022/07/14>
 ***********
 ) 
Here is how much of TeX's memory you used:
 10099 strings out of 467538
 167163 string characters out of 5423725
 898520 words of memory out of 5000000
 38555 multiletter control sequences out of 15000+600000
 690070 words of font info for 270 fonts, out of 8000000 for 9000
 1141 hyphenation exceptions out of 8191
 78i,8n,92p,795b,1861s stack positions out of 10000i,1000n,20000p,200000b,200000s
<c:/Windows/Fonts/simfang.ttf><c:/Windows/Fonts/simfang.ttf><c:/Windows/Fonts/simfang.ttf><c:/Windows/Fonts/simfang.ttf><c:/Windows/Fonts/simfang.ttf><c:/Windows/Fonts/simfang.ttf><c:/Windows/Fonts/simfang.ttf><c:/Windows/Fonts/simfang.ttf><c:/Windows/Fonts/simfang.ttf><c:/Windows/Fonts/simfang.ttf><c:/Windows/Fonts/simfang.ttf><c:/Windows/Fonts/simfang.ttf><c:/Windows/Fonts/simfang.ttf><c:/Windows/Fonts/simfang.ttf><c:/Windows/Fonts/simfang.ttf><c:/Windows/Fonts/simfang.ttf

pdfTeX warning: pdflatex.exe (file c:/Windows/Fonts/simfang.ttf): subfont unifs2c: wrong mapping: character 0 --> 0x2C00 --> .notdef
><c:/Windows/Fonts/simfang.ttf><c:/Windows/Fonts/simfang.ttf><c:/Windows/Fonts/simfang.ttf

pdfTeX warning: pdflatex.exe (file c:/Windows/Fonts/simfang.ttf): subfont unifsdc: wrong mapping: character 0 --> 0xDC00 --> .notdef
><c:/Windows/Fonts/simfang.ttf><c:/Windows/Fonts/simfang.ttf><c:/Windows/Fonts/simfang.ttf><c:/Windows/Fonts/simhei.ttf><c:/Windows/Fonts/simhei.ttf><c:/Windows/Fonts/simsun.ttc><c:/Windows/Fonts/simhei.ttf><c:/Windows/Fonts/simhei.ttf><c:/Windows/Fonts/simhei.ttf><c:/Windows/Fonts/simsun.ttc><c:/Windows/Fonts/simsun.ttc><c:/Windows/Fonts/simsun.ttc><c:/Windows/Fonts/simhei.ttf><c:/Windows/Fonts/simsun.ttc><c:/Windows/Fonts/simsun.ttc><c:/Windows/Fonts/simsun.ttc><c:/Windows/Fonts/simsun.ttc><c:/Windows/Fonts/simsun.ttc><c:/Windows/Fonts/simhei.ttf><c:/Windows/Fonts/simhei.ttf><c:/Windows/Fonts/simhei.ttf><c:/Windows/Fonts/simsun.ttc><c:/Windows/Fonts/simsun.ttc><c:/Windows/Fonts/simsun.ttc><c:/Windows/Fonts/simsun.ttc><c:/Windows/Fonts/simsun.ttc><c:/Windows/Fonts/simsun.ttc><c:/Windows/Fonts/simsun.ttc><c:/Windows/Fonts/simsun.ttc><c:/Windows/Fonts/simsun.ttc><c:/Windows/Fonts/simsun.ttc><c:/Windows/Fonts/simsun.ttc><c:/Windows/Fonts/simsun.ttc><c:/Windows/Fonts/simhei.ttf><c:/Windows/Fonts/simhei.ttf><c:/Windows/Fonts/simhei.ttf><c:/Windows/Fonts/simhei.ttf><c:/Windows/Fonts/simhei.ttf><c:/Windows/Fonts/simsun.ttc><c:/Windows/Fonts/simsun.ttc><c:/Windows/Fonts/simsun.ttc><c:/Windows/Fonts/simsun.ttc><c:/Windows/Fonts/simsun.ttc><c:/Windows/Fonts/simsun.ttc><c:/Windows/Fonts/simsun.ttc><c:/Windows/Fonts/simsun.ttc><c:/Windows/Fonts/simsun.ttc><c:/Windows/Fonts/simsun.ttc><c:/Windows/Fonts/simsun.ttc><c:/Windows/Fonts/simsun.ttc><c:/Windows/Fonts/simsun.ttc><c:/Windows/Fonts/simhei.ttf><c:/Windows/Fonts/simhei.ttf><c:/Windows/Fonts/simsun.ttc><c:/Windows/Fonts/simsun.ttc><c:/Windows/Fonts/simhei.ttf><c:/Windows/Fonts/simsun.ttc><c:/Windows/Fonts/simsun.ttc><c:/Windows/Fonts/simsun.ttc><c:/Windows/Fonts/simhei.ttf><c:/Windows/Fonts/simhei.ttf><c:/Windows/Fonts/simhei.ttf><c:/Windows/Fonts/simsun.ttc><c:/Windows/Fonts/simsun.ttc><c:/Windows/Fonts/simsun.ttc><c:/Windows/Fonts/simsun.ttc><c:/Windows/Fonts/simsun.ttc><c:/Windows/Fonts/simsun.ttc><c:/Windows/Fonts/simsun.ttc><c:/Windows/Fonts/simsun.ttc><c:/Windows/Fonts/simsun.ttc><c:/Windows/Fonts/simsun.ttc><c:/Windows/Fonts/simsun.ttc><c:/Windows/Fonts/simsun.ttc><c:/Windows/Fonts/simsun.ttc><c:/Windows/Fonts/simsun.ttc><c:/Windows/Fonts/simsun.ttc><c:/Windows/Fonts/simsun.ttc><c:/Windows/Fonts/simsun.ttc><c:/Windows/Fonts/simsun.ttc><c:/Windows/Fonts/simsun.ttc><c:/Windows/Fonts/simsun.ttc><c:/Windows/Fonts/simsun.ttc><c:/Windows/Fonts/simsun.ttc><c:/Windows/Fonts/simsun.ttc><c:/Windows/Fonts/simsun.ttc><c:/Windows/Fonts/simsun.ttc><c:/Windows/Fonts/simsun.ttc><c:/Windows/Fonts/simsun.ttc><c:/Windows/Fonts/simhei.ttf><c:/Windows/Fonts/simhei.ttf><c:/Windows/Fonts/simhei.ttf><c:/Windows/Fonts/simhei.ttf><c:/Windows/Fonts/simhei.ttf><c:/Windows/Fonts/simhei.ttf><c:/Windows/Fonts/simhei.ttf><c:/Windows/Fonts/simhei.ttf><c:/Windows/Fonts/simhei.ttf><c:/Windows/Fonts/simhei.ttf><c:/Windows/Fonts/simhei.ttf><c:/Windows/Fonts/simhei.ttf><c:/Windows/Fonts/simhei.ttf><c:/Windows/Fonts/simhei.ttf><c:/Windows/Fonts/simhei.ttf><c:/Windows/Fonts/simhei.ttf><c:/Windows/Fonts/simhei.ttf><c:/Windows/Fonts/simhei.ttf><c:/Windows/Fonts/simhei.ttf><c:/Windows/Fonts/simhei.ttf><d:/texlive/2025/texmf-dist/fonts/type1/public/amsfonts/cm/cmbx10.pfb><d:/texlive/2025/texmf-dist/fonts/type1/public/amsfonts/cm/cmbx12.pfb><d:/texlive/2025/texmf-dist/fonts/type1/public/amsfonts/cm/cmex10.pfb><d:/texlive/2025/texmf-dist/fonts/type1/public/amsfonts/cm/cmmi10.pfb><d:/texlive/2025/texmf-dist/fonts/type1/public/amsfonts/cm/cmmi12.pfb><d:/texlive/2025/texmf-dist/fonts/type1/public/amsfonts/cm/cmmi8.pfb><d:/texlive/2025/texmf-dist/fonts/type1/public/amsfonts/cm/cmr10.pfb><d:/texlive/2025/texmf-dist/fonts/type1/public/amsfonts/cm/cmr12.pfb><d:/texlive/2025/texmf-dist/fonts/type1/public/amsfonts/cm/cmr6.pfb><d:/texlive/2025/texmf-dist/fonts/type1/public/amsfonts/cm/cmr8.pfb><d:/texlive/2025/texmf-dist/fonts/type1/public/amsfonts/cm/cmsy10.pfb><d:/texlive/2025/texmf-dist/fonts/type1/public/amsfonts/cm/cmsy8.pfb><d:/texlive/2025/texmf-dist/fonts/type1/public/amsfonts/cm/cmtt9.pfb><d:/texlive/2025/texmf-dist/fonts/type1/public/cm-super/sfrm1000.pfb>
Output written on M2_week5.pdf (6 pages, 626148 bytes).
PDF statistics:
 682 PDF objects out of 1000 (max. 8388607)
 441 compressed objects within 5 object streams
 0 named destinations out of 1000 (max. 500000)
 289 words of extra memory for PDF output out of 10000 (max. 10000000)

